$ gh pr ready 4
[rc=0]

✓ Pull request g0udurix/LRN#4 is marked as "ready for review"
[OK] PR #4 updated for milestone 'Phase 0 – Baseline'
$ git add -A
[rc=0]

$ git diff --cached --quiet
[rc=1]

$ git commit -m chore(governance): AI contributing, CoC, milestone automation, templates (2025-08-08T18:54:47Z)
[rc=0]
[feat/history-crawl dcceec1] chore(governance): AI contributing, CoC, milestone automation, templates (2025-08-08T18:54:47Z)
 23 files changed, 593 insertions(+), 347 deletions(-)
 create mode 100644 .github/ISSUE_TEMPLATE/comparison_task.md
 create mode 100644 .github/ISSUE_TEMPLATE/standards_mapping.md
 create mode 100644 .github/workflows/auto-milestone.yml
 create mode 100644 .github/workflows/semantic-pr.yml
 create mode 100644 CODE_OF_CONDUCT.md
 create mode 100644 CONTRIBUTING.md
 create mode 100644 logs/pm3_20250808T185432Z.log
 create mode 100644 logs/pm3_20250808T185433Z.log
 create mode 100644 logs/pm3_20250808T185434Z.log
 create mode 100644 logs/pm3_20250808T185435Z.log
 create mode 100644 logs/pm3_20250808T185436Z.log
 create mode 100644 logs/pm3_20250808T185437Z.log
 create mode 100644 logs/pm3_20250808T185438Z.log
 create mode 100644 logs/pm3_20250808T185439Z.log
 create mode 100644 logs/pm3_20250808T185440Z.log
 create mode 100644 logs/pm3_20250808T185441Z.log
 create mode 100644 logs/pm3_20250808T185443Z.log
 create mode 100644 logs/pm3_20250808T185446Z.log
 create mode 100644 logs/pm3_20250808T185447Z.log
 create mode 100644 logs/pm_20250808T170702Z.log
