$ git commit -m chore(governance): AI contributing, CoC, milestone automation, templates (2025-08-08T19:24:53Z)
[rc=0]
[feat/history-crawl 6ce5ae2] chore(governance): AI contributing, CoC, milestone automation, templates (2025-08-08T19:24:53Z)
 141 files changed, 394 insertions(+), 8 deletions(-)
 create mode 100644 logs/pm3_20250808T185949Z.log
 create mode 100644 logs/pm3_20250808T185950Z.log
 create mode 100644 logs/pm3_20250808T185953Z.log
 create mode 100644 logs/pm3_20250808T192442Z.log
 create mode 100644 logs/pm3_20250808T192443Z.log
 create mode 100644 logs/pm3_20250808T192444Z.log
 create mode 100644 logs/pm3_20250808T192445Z.log
 create mode 100644 logs/pm3_20250808T192446Z.log
 create mode 100644 logs/pm3_20250808T192447Z.log
 create mode 100644 logs/pm3_20250808T192448Z.log
 create mode 100644 logs/pm3_20250808T192449Z.log
 create mode 100644 logs/pm3_20250808T192450Z.log
 create mode 100644 logs/pm3_20250808T192451Z.log
 create mode 100644 logs/pm3_20250808T192453Z.log
 rename qdrant_storage/collections/ws-bcf048b37cfd0a5d/0/segments/03c37375-6d98-4b9d-b7a7-e827b8132ba7/payload_index/{000018.log => 000024.log} (100%)
 create mode 100644 qdrant_storage/collections/ws-bcf048b37cfd0a5d/0/segments/03c37375-6d98-4b9d-b7a7-e827b8132ba7/payload_index/000025.sst
 create mode 100644 qdrant_storage/collections/ws-bcf048b37cfd0a5d/0/segments/03c37375-6d98-4b9d-b7a7-e827b8132ba7/payload_index/000026.sst
 create mode 100644 qdrant_storage/collections/ws-bcf048b37cfd0a5d/0/segments/03c37375-6d98-4b9d-b7a7-e827b8132ba7/payload_index/000027.sst
 create mode 100644 qdrant_storage/collections/ws-bcf048b37cfd0a5d/0/segments/03c37375-6d98-4b9d-b7a7-e827b8132ba7/payload_index/000028.sst
 create mode 100644 qdrant_storage/collections/ws-bcf048b37cfd0a5d/0/segments/14993b00-fe2c-4999-b7dd-e45eeb3283ca/mutable_id_tracker.mappings
 create mode 100644 qdrant_storage/collections/ws-bcf048b37cfd0a5d/0/segments/14993b00-fe2c-4999-b7dd-e45eeb3283ca/mutable_id_tracker.versions
 create mode 100644 qdrant_storage/collections/ws-bcf048b37cfd0a5d/0/segments/14993b00-fe2c-4999-b7dd-e45eeb3283ca/payload_index/000019.sst
 create mode 100644 qdrant_storage/collections/ws-bcf048b37cfd0a5d/0/segments/14993b00-fe2c-4999-b7dd-e45eeb3283ca/payload_index/000020.sst
 rename qdrant_storage/collections/ws-bcf048b37cfd0a5d/0/segments/14993b00-fe2c-4999-b7dd-e45eeb3283ca/payload_index/{000004.log => 000021.log} (100%)
 create mode 100644 qdrant_storage/collections/ws-bcf048b37cfd0a5d/0/segments/14993b00-fe2c-4999-b7dd-e45eeb3283ca/payload_index/000022.sst
 create mode 100644 qdrant_storage/collections/ws-bcf048b37cfd0a5d/0/segments/14993b00-fe2c-4999-b7dd-e45eeb3283ca/payload_index/000023.sst
 create mode 100644 qdrant_storage/collections/ws-bcf048b37cfd0a5d/0/segments/14993b00-fe2c-4999-b7dd-e45eeb3283ca/vector_storage/vectors/chunk_0.mmap
 create mode 100644 qdrant_storage/collections/ws-bcf048b37cfd0a5d/0/segments/3bbeb70c-9d0c-495e-8301-bd6b76ce0846/mutable_id_tracker.mappings
 create mode 100644 qdrant_storage/collections/ws-bcf048b37cfd0a5d/0/segments/3bbeb70c-9d0c-495e-8301-bd6b76ce0846/mutable_id_tracker.versions
 rename qdrant_storage/collections/ws-bcf048b37cfd0a5d/0/segments/3bbeb70c-9d0c-495e-8301-bd6b76ce0846/payload_index/{000004.log => 000018.log} (100%)
 create mode 100644 qdrant_storage/collections/ws-bcf048b37cfd0a5d/0/segments/3bbeb70c-9d0c-495e-8301-bd6b76ce0846/payload_index/000019.sst
 create mode 100644 qdrant_storage/collections/ws-bcf048b37cfd0a5d/0/segments/3bbeb70c-9d0c-495e-8301-bd6b76ce0846/payload_index/000020.sst
 create mode 100644 qdrant_storage/collections/ws-bcf048b37cfd0a5d/0/segments/3bbeb70c-9d0c-495e-8301-bd6b76ce0846/vector_storage/vectors/chunk_0.mmap
 create mode 100644 qdrant_storage/collections/ws-bcf048b37cfd0a5d/0/segments/4b6330f2-8839-4859-9e78-5343d76d228a/mutable_id_tracker.mappings
 create mode 100644 qdrant_storage/collections/ws-bcf048b37cfd0a5d/0/segments/4b6330f2-8839-4859-9e78-5343d76d228a/mutable_id_tracker.versions
 rename qdrant_storage/collections/ws-bcf048b37cfd0a5d/0/segments/4b6330f2-8839-4859-9e78-5343d76d228a/payload_index/{000004.log => 000018.log} (100%)
 create mode 100644 qdrant_storage/collections/ws-bcf048b37cfd0a5d/0/segments/4b6330f2-8839-4859-9e78-5343d76d228a/payload_index/000019.sst
 create mode 100644 qdrant_storage/collections/ws-bcf048b37cfd0a5d/0/segments/4b6330f2-8839-4859-9e78-5343d76d228a/payload_index/000020.sst
 create mode 100644 qdrant_storage/collections/ws-bcf048b37cfd0a5d/0/segments/4b6330f2-8839-4859-9e78-5343d76d228a/payload_index/000021.sst
 create mode 100644 qdrant_storage/collections/ws-bcf048b37cfd0a5d/0/segments/4b6330f2-8839-4859-9e78-5343d76d228a/payload_index/000022.sst
 create mode 100644 qdrant_storage/collections/ws-bcf048b37cfd0a5d/0/segments/4b6330f2-8839-4859-9e78-5343d76d228a/vector_storage/vectors/chunk_0.mmap
 create mode 100644 qdrant_storage/collections/ws-bcf048b37cfd0a5d/0/segments/521bc366-cf1c-4bc6-b76a-4810af702a4f/mutable_id_tracker.mappings
 create mode 100644 qdrant_storage/collections/ws-bcf048b37cfd0a5d/0/segments/521bc366-cf1c-4bc6-b76a-4810af702a4f/mutable_id_tracker.versions
 create mode 100644 qdrant_storage/collections/ws-bcf048b37cfd0a5d/0/segments/521bc366-cf1c-4bc6-b76a-4810af702a4f/payload_index/000019.sst
 create mode 100644 qdrant_storage/collections/ws-bcf048b37cfd0a5d/0/segments/521bc366-cf1c-4bc6-b76a-4810af702a4f/payload_index/000020.sst
 rename qdrant_storage/collections/ws-bcf048b37cfd0a5d/0/segments/521bc366-cf1c-4bc6-b76a-4810af702a4f/payload_index/{000004.log => 000021.log} (100%)
 create mode 100644 qdrant_storage/collections/ws-bcf048b37cfd0a5d/0/segments/521bc366-cf1c-4bc6-b76a-4810af702a4f/payload_index/000022.sst
 create mode 100644 qdrant_storage/collections/ws-bcf048b37cfd0a5d/0/segments/521bc366-cf1c-4bc6-b76a-4810af702a4f/payload_index/000023.sst
 create mode 100644 qdrant_storage/collections/ws-bcf048b37cfd0a5d/0/segments/521bc366-cf1c-4bc6-b76a-4810af702a4f/vector_storage/vectors/chunk_0.mmap
 create mode 100644 qdrant_storage/collections/ws-bcf048b37cfd0a5d/0/segments/d550b874-6a13-464e-ae9a-8f142b316182/mutable_id_tracker.mappings
 create mode 100644 qdrant_storage/collections/ws-bcf048b37cfd0a5d/0/segments/d550b874-6a13-464e-ae9a-8f142b316182/mutable_id_tracker.versions
 rename qdrant_storage/collections/ws-bcf048b37cfd0a5d/0/segments/d550b874-6a13-464e-ae9a-8f142b316182/payload_index/{000004.log => 000018.log} (100%)
 create mode 100644 qdrant_storage/collections/ws-bcf048b37cfd0a5d/0/segments/d550b874-6a13-464e-ae9a-8f142b316182/payload_index/000019.sst
 create mode 100644 qdrant_storage/collections/ws-bcf048b37cfd0a5d/0/segments/d550b874-6a13-464e-ae9a-8f142b316182/payload_index/000020.sst
 create mode 100644 qdrant_storage/collections/ws-bcf048b37cfd0a5d/0/segments/d550b874-6a13-464e-ae9a-8f142b316182/vector_storage/vectors/chunk_0.mmap
