$ git commit -m chore(governance): AI contributing, CoC, milestone automation, templates (2025-08-08T18:59:48Z)
[rc=0]
[feat/history-crawl 2beac54] chore(governance): AI contributing, CoC, milestone automation, templates (2025-08-08T18:59:48Z)
 273 files changed, 14422 insertions(+)
 create mode 100644 logs/pm3_20250808T185448Z.log
 create mode 100644 logs/pm3_20250808T185934Z.log
 create mode 100644 logs/pm3_20250808T185935Z.log
 create mode 100644 logs/pm3_20250808T185936Z.log
 create mode 100644 logs/pm3_20250808T185937Z.log
 create mode 100644 logs/pm3_20250808T185938Z.log
 create mode 100644 logs/pm3_20250808T185939Z.log
 create mode 100644 logs/pm3_20250808T185940Z.log
 create mode 100644 logs/pm3_20250808T185941Z.log
 create mode 100644 logs/pm3_20250808T185942Z.log
 create mode 100644 logs/pm3_20250808T185943Z.log
 create mode 100644 logs/pm3_20250808T185944Z.log
 create mode 100644 logs/pm3_20250808T185946Z.log
 create mode 100644 logs/pm3_20250808T185948Z.log
 create mode 100644 qdrant_storage/collections/ws-bcf048b37cfd0a5d/0/newest_clocks.json
 create mode 100644 qdrant_storage/collections/ws-bcf048b37cfd0a5d/0/replica_state.json
 create mode 100644 qdrant_storage/collections/ws-bcf048b37cfd0a5d/0/segments/03c37375-6d98-4b9d-b7a7-e827b8132ba7/mutable_id_tracker.mappings
 create mode 100644 qdrant_storage/collections/ws-bcf048b37cfd0a5d/0/segments/03c37375-6d98-4b9d-b7a7-e827b8132ba7/mutable_id_tracker.versions
 create mode 100644 qdrant_storage/collections/ws-bcf048b37cfd0a5d/0/segments/03c37375-6d98-4b9d-b7a7-e827b8132ba7/payload_index/000018.log
 create mode 100644 qdrant_storage/collections/ws-bcf048b37cfd0a5d/0/segments/03c37375-6d98-4b9d-b7a7-e827b8132ba7/payload_index/000019.sst
 create mode 100644 qdrant_storage/collections/ws-bcf048b37cfd0a5d/0/segments/03c37375-6d98-4b9d-b7a7-e827b8132ba7/payload_index/000020.sst
 create mode 100644 qdrant_storage/collections/ws-bcf048b37cfd0a5d/0/segments/03c37375-6d98-4b9d-b7a7-e827b8132ba7/payload_index/000021.sst
 create mode 100644 qdrant_storage/collections/ws-bcf048b37cfd0a5d/0/segments/03c37375-6d98-4b9d-b7a7-e827b8132ba7/payload_index/000022.sst
 create mode 100644 qdrant_storage/collections/ws-bcf048b37cfd0a5d/0/segments/03c37375-6d98-4b9d-b7a7-e827b8132ba7/payload_index/000023.sst
 create mode 100644 qdrant_storage/collections/ws-bcf048b37cfd0a5d/0/segments/03c37375-6d98-4b9d-b7a7-e827b8132ba7/payload_index/56bl8l41ubfjimika52mbl2i-pathsegm-null/has_values/flags_a.dat
 create mode 100644 qdrant_storage/collections/ws-bcf048b37cfd0a5d/0/segments/03c37375-6d98-4b9d-b7a7-e827b8132ba7/payload_index/56bl8l41ubfjimika52mbl2i-pathsegm-null/has_values/status.dat
 create mode 100644 qdrant_storage/collections/ws-bcf048b37cfd0a5d/0/segments/03c37375-6d98-4b9d-b7a7-e827b8132ba7/payload_index/56bl8l41ubfjimika52mbl2i-pathsegm-null/is_null/flags_a.dat
 create mode 100644 qdrant_storage/collections/ws-bcf048b37cfd0a5d/0/segments/03c37375-6d98-4b9d-b7a7-e827b8132ba7/payload_index/56bl8l41ubfjimika52mbl2i-pathsegm-null/is_null/status.dat
 create mode 100644 qdrant_storage/collections/ws-bcf048b37cfd0a5d/0/segments/03c37375-6d98-4b9d-b7a7-e827b8132ba7/payload_index/9th6eupg05k1p8f7gtk9u0pf-pathsegm-null/has_values/flags_a.dat
 create mode 100644 qdrant_storage/collections/ws-bcf048b37cfd0a5d/0/segments/03c37375-6d98-4b9d-b7a7-e827b8132ba7/payload_index/9th6eupg05k1p8f7gtk9u0pf-pathsegm-null/has_values/status.dat
 create mode 100644 qdrant_storage/collections/ws-bcf048b37cfd0a5d/0/segments/03c37375-6d98-4b9d-b7a7-e827b8132ba7/payload_index/9th6eupg05k1p8f7gtk9u0pf-pathsegm-null/is_null/flags_a.dat
 create mode 100644 qdrant_storage/collections/ws-bcf048b37cfd0a5d/0/segments/03c37375-6d98-4b9d-b7a7-e827b8132ba7/payload_index/9th6eupg05k1p8f7gtk9u0pf-pathsegm-null/is_null/status.dat
 create mode 100644 qdrant_storage/collections/ws-bcf048b37cfd0a5d/0/segments/03c37375-6d98-4b9d-b7a7-e827b8132ba7/payload_index/CURRENT
 create mode 100644 qdrant_storage/collections/ws-bcf048b37cfd0a5d/0/segments/03c37375-6d98-4b9d-b7a7-e827b8132ba7/payload_index/IDENTITY
 create mode 100644 qdrant_storage/collections/ws-bcf048b37cfd0a5d/0/segments/03c37375-6d98-4b9d-b7a7-e827b8132ba7/payload_index/LOCK
 create mode 100644 qdrant_storage/collections/ws-bcf048b37cfd0a5d/0/segments/03c37375-6d98-4b9d-b7a7-e827b8132ba7/payload_index/LOG
 create mode 100644 qdrant_storage/collections/ws-bcf048b37cfd0a5d/0/segments/03c37375-6d98-4b9d-b7a7-e827b8132ba7/payload_index/MANIFEST-000005
 create mode 100644 qdrant_storage/collections/ws-bcf048b37cfd0a5d/0/segments/03c37375-6d98-4b9d-b7a7-e827b8132ba7/payload_index/OPTIONS-000015
 create mode 100644 qdrant_storage/collections/ws-bcf048b37cfd0a5d/0/segments/03c37375-6d98-4b9d-b7a7-e827b8132ba7/payload_index/OPTIONS-000017
 create mode 100644 qdrant_storage/collections/ws-bcf048b37cfd0a5d/0/segments/03c37375-6d98-4b9d-b7a7-e827b8132ba7/payload_index/av6ugl3i20mfha3ufps0dalf-pathsegm-null/has_values/flags_a.dat
 create mode 100644 qdrant_storage/collections/ws-bcf048b37cfd0a5d/0/segments/03c37375-6d98-4b9d-b7a7-e827b8132ba7/payload_index/av6ugl3i20mfha3ufps0dalf-pathsegm-null/has_values/status.dat
 create mode 100644 qdrant_storage/collections/ws-bcf048b37cfd0a5d/0/segments/03c37375-6d98-4b9d-b7a7-e827b8132ba7/payload_index/av6ugl3i20mfha3ufps0dalf-pathsegm-null/is_null/flags_a.dat
 create mode 100644 qdrant_storage/collections/ws-bcf048b37cfd0a5d/0/segments/03c37375-6d98-4b9d-b7a7-e827b8132ba7/payload_index/av6ugl3i20mfha3ufps0dalf-pathsegm-null/is_null/status.dat
 create mode 100644 qdrant_storage/collections/ws-bcf048b37cfd0a5d/0/segments/03c37375-6d98-4b9d-b7a7-e827b8132ba7/payload_index/config.json
 create mode 100644 qdrant_storage/collections/ws-bcf048b37cfd0a5d/0/segments/03c37375-6d98-4b9d-b7a7-e827b8132ba7/payload_index/rjg14eu9hsqpsdju8btbheke-pathsegm-null/has_values/flags_a.dat
 create mode 100644 qdrant_storage/collections/ws-bcf048b37cfd0a5d/0/segments/03c37375-6d98-4b9d-b7a7-e827b8132ba7/payload_index/rjg14eu9hsqpsdju8btbheke-pathsegm-null/has_values/status.dat
 create mode 100644 qdrant_storage/collections/ws-bcf048b37cfd0a5d/0/segments/03c37375-6d98-4b9d-b7a7-e827b8132ba7/payload_index/rjg14eu9hsqpsdju8btbheke-pathsegm-null/is_null/flags_a.dat
 create mode 100644 qdrant_storage/collections/ws-bcf048b37cfd0a5d/0/segments/03c37375-6d98-4b9d-b7a7-e827b8132ba7/payload_index/rjg14eu9hsqpsdju8btbheke-pathsegm-null/is_null/status.dat
 create mode 100644 qdrant_storage/collections/ws-bcf048b37cfd0a5d/0/segments/03c37375-6d98-4b9d-b7a7-e827b8132ba7/payload_index/vpkcbc7s7vkapvs05rpao4ta-pathsegm-null/has_values/flags_a.dat
 create mode 100644 qdrant_storage/collections/ws-bcf048b37cfd0a5d/0/segments/03c37375-6d98-4b9d-b7a7-e827b8132ba7/payload_index/vpkcbc7s7vkapvs05rpao4ta-pathsegm-null/has_values/status.dat
 create mode 100644 qdrant_storage/collections/ws-bcf048b37cfd0a5d/0/segments/03c37375-6d98-4b9d-b7a7-e827b8132ba7/payload_index/vpkcbc7s7vkapvs05rpao4ta-pathsegm-null/is_null/flags_a.dat
 create mode 100644 qdrant_storage/collections/ws-bcf048b37cfd0a5d/0/segments/03c37375-6d98-4b9d-b7a7-e827b8132ba7/payload_index/vpkcbc7s7vkapvs05rpao4ta-pathsegm-null/is_null/status.dat
 create mode 100644 qdrant_storage/collections/ws-bcf048b37cfd0a5d/0/segments/03c37375-6d98-4b9d-b7a7-e827b8132ba7/payload_storage/bitmask.dat
 create mode 100644 qdrant_storage/collections/ws-bcf048b37cfd0a5d/0/segments/03c37375-6d98-4b9d-b7a7-e827b8132ba7/payload_storage/config.json
 create mode 100644 qdrant_storage/collections/ws-bcf048b37cfd0a5d/0/segments/03c37375-6d98-4b9d-b7a7-e827b8132ba7/payload_storage/gaps.dat
 create mode 100644 qdrant_storage/collections/ws-bcf048b37cfd0a5d/0/segments/03c37375-6d98-4b9d-b7a7-e827b8132ba7/payload_storage/page_0.dat
 create mode 100644 qdrant_storage/collections/ws-bcf048b37cfd0a5d/0/segments/03c37375-6d98-4b9d-b7a7-e827b8132ba7/payload_storage/tracker.dat
 create mode 100644 qdrant_storage/collections/ws-bcf048b37cfd0a5d/0/segments/03c37375-6d98-4b9d-b7a7-e827b8132ba7/segment.json
 create mode 100644 qdrant_storage/collections/ws-bcf048b37cfd0a5d/0/segments/03c37375-6d98-4b9d-b7a7-e827b8132ba7/vector_storage/deleted/flags_a.dat
 create mode 100644 qdrant_storage/collections/ws-bcf048b37cfd0a5d/0/segments/03c37375-6d98-4b9d-b7a7-e827b8132ba7/vector_storage/deleted/status.dat
 create mode 100644 qdrant_storage/collections/ws-bcf048b37cfd0a5d/0/segments/03c37375-6d98-4b9d-b7a7-e827b8132ba7/vector_storage/vectors/chunk_0.mmap
 create mode 100644 qdrant_storage/collections/ws-bcf048b37cfd0a5d/0/segments/03c37375-6d98-4b9d-b7a7-e827b8132ba7/vector_storage/vectors/config.json
 create mode 100644 qdrant_storage/collections/ws-bcf048b37cfd0a5d/0/segments/03c37375-6d98-4b9d-b7a7-e827b8132ba7/vector_storage/vectors/status.dat
 create mode 100644 qdrant_storage/collections/ws-bcf048b37cfd0a5d/0/segments/03c37375-6d98-4b9d-b7a7-e827b8132ba7/version.info
 create mode 100644 qdrant_storage/collections/ws-bcf048b37cfd0a5d/0/segments/14993b00-fe2c-4999-b7dd-e45eeb3283ca/payload_index/000004.log
 create mode 100644 qdrant_storage/collections/ws-bcf048b37cfd0a5d/0/segments/14993b00-fe2c-4999-b7dd-e45eeb3283ca/payload_index/56bl8l41ubfjimika52mbl2i-pathsegm-null/has_values/flags_a.dat
 create mode 100644 qdrant_storage/collections/ws-bcf048b37cfd0a5d/0/segments/14993b00-fe2c-4999-b7dd-e45eeb3283ca/payload_index/56bl8l41ubfjimika52mbl2i-pathsegm-null/has_values/status.dat
 create mode 100644 qdrant_storage/collections/ws-bcf048b37cfd0a5d/0/segments/14993b00-fe2c-4999-b7dd-e45eeb3283ca/payload_index/56bl8l41ubfjimika52mbl2i-pathsegm-null/is_null/flags_a.dat
 create mode 100644 qdrant_storage/collections/ws-bcf048b37cfd0a5d/0/segments/14993b00-fe2c-4999-b7dd-e45eeb3283ca/payload_index/56bl8l41ubfjimika52mbl2i-pathsegm-null/is_null/status.dat
 create mode 100644 qdrant_storage/collections/ws-bcf048b37cfd0a5d/0/segments/14993b00-fe2c-4999-b7dd-e45eeb3283ca/payload_index/9th6eupg05k1p8f7gtk9u0pf-pathsegm-null/has_values/flags_a.dat
 create mode 100644 qdrant_storage/collections/ws-bcf048b37cfd0a5d/0/segments/14993b00-fe2c-4999-b7dd-e45eeb3283ca/payload_index/9th6eupg05k1p8f7gtk9u0pf-pathsegm-null/has_values/status.dat
 create mode 100644 qdrant_storage/collections/ws-bcf048b37cfd0a5d/0/segments/14993b00-fe2c-4999-b7dd-e45eeb3283ca/payload_index/9th6eupg05k1p8f7gtk9u0pf-pathsegm-null/is_null/flags_a.dat
 create mode 100644 qdrant_storage/collections/ws-bcf048b37cfd0a5d/0/segments/14993b00-fe2c-4999-b7dd-e45eeb3283ca/payload_index/9th6eupg05k1p8f7gtk9u0pf-pathsegm-null/is_null/status.dat
 create mode 100644 qdrant_storage/collections/ws-bcf048b37cfd0a5d/0/segments/14993b00-fe2c-4999-b7dd-e45eeb3283ca/payload_index/CURRENT
 create mode 100644 qdrant_storage/collections/ws-bcf048b37cfd0a5d/0/segments/14993b00-fe2c-4999-b7dd-e45eeb3283ca/payload_index/IDENTITY
 create mode 100644 qdrant_storage/collections/ws-bcf048b37cfd0a5d/0/segments/14993b00-fe2c-4999-b7dd-e45eeb3283ca/payload_index/LOCK
 create mode 100644 qdrant_storage/collections/ws-bcf048b37cfd0a5d/0/segments/14993b00-fe2c-4999-b7dd-e45eeb3283ca/payload_index/LOG
 create mode 100644 qdrant_storage/collections/ws-bcf048b37cfd0a5d/0/segments/14993b00-fe2c-4999-b7dd-e45eeb3283ca/payload_index/MANIFEST-000005
 create mode 100644 qdrant_storage/collections/ws-bcf048b37cfd0a5d/0/segments/14993b00-fe2c-4999-b7dd-e45eeb3283ca/payload_index/OPTIONS-000015
 create mode 100644 qdrant_storage/collections/ws-bcf048b37cfd0a5d/0/segments/14993b00-fe2c-4999-b7dd-e45eeb3283ca/payload_index/OPTIONS-000017
 create mode 100644 qdrant_storage/collections/ws-bcf048b37cfd0a5d/0/segments/14993b00-fe2c-4999-b7dd-e45eeb3283ca/payload_index/av6ugl3i20mfha3ufps0dalf-pathsegm-null/has_values/flags_a.dat
 create mode 100644 qdrant_storage/collections/ws-bcf048b37cfd0a5d/0/segments/14993b00-fe2c-4999-b7dd-e45eeb3283ca/payload_index/av6ugl3i20mfha3ufps0dalf-pathsegm-null/has_values/status.dat
 create mode 100644 qdrant_storage/collections/ws-bcf048b37cfd0a5d/0/segments/14993b00-fe2c-4999-b7dd-e45eeb3283ca/payload_index/av6ugl3i20mfha3ufps0dalf-pathsegm-null/is_null/flags_a.dat
 create mode 100644 qdrant_storage/collections/ws-bcf048b37cfd0a5d/0/segments/14993b00-fe2c-4999-b7dd-e45eeb3283ca/payload_index/av6ugl3i20mfha3ufps0dalf-pathsegm-null/is_null/status.dat
 create mode 100644 qdrant_storage/collections/ws-bcf048b37cfd0a5d/0/segments/14993b00-fe2c-4999-b7dd-e45eeb3283ca/payload_index/config.json
 create mode 100644 qdrant_storage/collections/ws-bcf048b37cfd0a5d/0/segments/14993b00-fe2c-4999-b7dd-e45eeb3283ca/payload_index/rjg14eu9hsqpsdju8btbheke-pathsegm-null/has_values/flags_a.dat
 create mode 100644 qdrant_storage/collections/ws-bcf048b37cfd0a5d/0/segments/14993b00-fe2c-4999-b7dd-e45eeb3283ca/payload_index/rjg14eu9hsqpsdju8btbheke-pathsegm-null/has_values/status.dat
 create mode 100644 qdrant_storage/collections/ws-bcf048b37cfd0a5d/0/segments/14993b00-fe2c-4999-b7dd-e45eeb3283ca/payload_index/rjg14eu9hsqpsdju8btbheke-pathsegm-null/is_null/flags_a.dat
 create mode 100644 qdrant_storage/collections/ws-bcf048b37cfd0a5d/0/segments/14993b00-fe2c-4999-b7dd-e45eeb3283ca/payload_index/rjg14eu9hsqpsdju8btbheke-pathsegm-null/is_null/status.dat
 create mode 100644 qdrant_storage/collections/ws-bcf048b37cfd0a5d/0/segments/14993b00-fe2c-4999-b7dd-e45eeb3283ca/payload_index/vpkcbc7s7vkapvs05rpao4ta-pathsegm-null/has_values/flags_a.dat
 create mode 100644 qdrant_storage/collections/ws-bcf048b37cfd0a5d/0/segments/14993b00-fe2c-4999-b7dd-e45eeb3283ca/payload_index/vpkcbc7s7vkapvs05rpao4ta-pathsegm-null/has_values/status.dat
 create mode 100644 qdrant_storage/collections/ws-bcf048b37cfd0a5d/0/segments/14993b00-fe2c-4999-b7dd-e45eeb3283ca/payload_index/vpkcbc7s7vkapvs05rpao4ta-pathsegm-null/is_null/flags_a.dat
 create mode 100644 qdrant_storage/collections/ws-bcf048b37cfd0a5d/0/segments/14993b00-fe2c-4999-b7dd-e45eeb3283ca/payload_index/vpkcbc7s7vkapvs05rpao4ta-pathsegm-null/is_null/status.dat
 create mode 100644 qdrant_storage/collections/ws-bcf048b37cfd0a5d/0/segments/14993b00-fe2c-4999-b7dd-e45eeb3283ca/payload_storage/bitmask.dat
 create mode 100644 qdrant_storage/collections/ws-bcf048b37cfd0a5d/0/segments/14993b00-fe2c-4999-b7dd-e45eeb3283ca/payload_storage/config.json
 create mode 100644 qdrant_storage/collections/ws-bcf048b37cfd0a5d/0/segments/14993b00-fe2c-4999-b7dd-e45eeb3283ca/payload_storage/gaps.dat
 create mode 100644 qdrant_storage/collections/ws-bcf048b37cfd0a5d/0/segments/14993b00-fe2c-4999-b7dd-e45eeb3283ca/payload_storage/page_0.dat
 create mode 100644 qdrant_storage/collections/ws-bcf048b37cfd0a5d/0/segments/14993b00-fe2c-4999-b7dd-e45eeb3283ca/payload_storage/tracker.dat
 create mode 100644 qdrant_storage/collections/ws-bcf048b37cfd0a5d/0/segments/14993b00-fe2c-4999-b7dd-e45eeb3283ca/segment.json
 create mode 100644 qdrant_storage/collections/ws-bcf048b37cfd0a5d/0/segments/14993b00-fe2c-4999-b7dd-e45eeb3283ca/vector_storage/deleted/flags_a.dat
 create mode 100644 qdrant_storage/collections/ws-bcf048b37cfd0a5d/0/segments/14993b00-fe2c-4999-b7dd-e45eeb3283ca/vector_storage/deleted/status.dat
 create mode 100644 qdrant_storage/collections/ws-bcf048b37cfd0a5d/0/segments/14993b00-fe2c-4999-b7dd-e45eeb3283ca/vector_storage/vectors/config.json
 create mode 100644 qdrant_storage/collections/ws-bcf048b37cfd0a5d/0/segments/14993b00-fe2c-4999-b7dd-e45eeb3283ca/vector_storage/vectors/status.dat
 create mode 100644 qdrant_storage/collections/ws-bcf048b37cfd0a5d/0/segments/14993b00-fe2c-4999-b7dd-e45eeb3283ca/version.info
 create mode 100644 qdrant_storage/collections/ws-bcf048b37cfd0a5d/0/segments/3bbeb70c-9d0c-495e-8301-bd6b76ce0846/payload_index/000004.log
 create mode 100644 qdrant_storage/collections/ws-bcf048b37cfd0a5d/0/segments/3bbeb70c-9d0c-495e-8301-bd6b76ce0846/payload_index/56bl8l41ubfjimika52mbl2i-pathsegm-null/has_values/flags_a.dat
 create mode 100644 qdrant_storage/collections/ws-bcf048b37cfd0a5d/0/segments/3bbeb70c-9d0c-495e-8301-bd6b76ce0846/payload_index/56bl8l41ubfjimika52mbl2i-pathsegm-null/has_values/status.dat
 create mode 100644 qdrant_storage/collections/ws-bcf048b37cfd0a5d/0/segments/3bbeb70c-9d0c-495e-8301-bd6b76ce0846/payload_index/56bl8l41ubfjimika52mbl2i-pathsegm-null/is_null/flags_a.dat
 create mode 100644 qdrant_storage/collections/ws-bcf048b37cfd0a5d/0/segments/3bbeb70c-9d0c-495e-8301-bd6b76ce0846/payload_index/56bl8l41ubfjimika52mbl2i-pathsegm-null/is_null/status.dat
 create mode 100644 qdrant_storage/collections/ws-bcf048b37cfd0a5d/0/segments/3bbeb70c-9d0c-495e-8301-bd6b76ce0846/payload_index/9th6eupg05k1p8f7gtk9u0pf-pathsegm-null/has_values/flags_a.dat
 create mode 100644 qdrant_storage/collections/ws-bcf048b37cfd0a5d/0/segments/3bbeb70c-9d0c-495e-8301-bd6b76ce0846/payload_index/9th6eupg05k1p8f7gtk9u0pf-pathsegm-null/has_values/status.dat
 create mode 100644 qdrant_storage/collections/ws-bcf048b37cfd0a5d/0/segments/3bbeb70c-9d0c-495e-8301-bd6b76ce0846/payload_index/9th6eupg05k1p8f7gtk9u0pf-pathsegm-null/is_null/flags_a.dat
 create mode 100644 qdrant_storage/collections/ws-bcf048b37cfd0a5d/0/segments/3bbeb70c-9d0c-495e-8301-bd6b76ce0846/payload_index/9th6eupg05k1p8f7gtk9u0pf-pathsegm-null/is_null/status.dat
 create mode 100644 qdrant_storage/collections/ws-bcf048b37cfd0a5d/0/segments/3bbeb70c-9d0c-495e-8301-bd6b76ce0846/payload_index/CURRENT
 create mode 100644 qdrant_storage/collections/ws-bcf048b37cfd0a5d/0/segments/3bbeb70c-9d0c-495e-8301-bd6b76ce0846/payload_index/IDENTITY
 create mode 100644 qdrant_storage/collections/ws-bcf048b37cfd0a5d/0/segments/3bbeb70c-9d0c-495e-8301-bd6b76ce0846/payload_index/LOCK
 create mode 100644 qdrant_storage/collections/ws-bcf048b37cfd0a5d/0/segments/3bbeb70c-9d0c-495e-8301-bd6b76ce0846/payload_index/LOG
 create mode 100644 qdrant_storage/collections/ws-bcf048b37cfd0a5d/0/segments/3bbeb70c-9d0c-495e-8301-bd6b76ce0846/payload_index/MANIFEST-000005
 create mode 100644 qdrant_storage/collections/ws-bcf048b37cfd0a5d/0/segments/3bbeb70c-9d0c-495e-8301-bd6b76ce0846/payload_index/OPTIONS-000015
 create mode 100644 qdrant_storage/collections/ws-bcf048b37cfd0a5d/0/segments/3bbeb70c-9d0c-495e-8301-bd6b76ce0846/payload_index/OPTIONS-000017
 create mode 100644 qdrant_storage/collections/ws-bcf048b37cfd0a5d/0/segments/3bbeb70c-9d0c-495e-8301-bd6b76ce0846/payload_index/av6ugl3i20mfha3ufps0dalf-pathsegm-null/has_values/flags_a.dat
 create mode 100644 qdrant_storage/collections/ws-bcf048b37cfd0a5d/0/segments/3bbeb70c-9d0c-495e-8301-bd6b76ce0846/payload_index/av6ugl3i20mfha3ufps0dalf-pathsegm-null/has_values/status.dat
 create mode 100644 qdrant_storage/collections/ws-bcf048b37cfd0a5d/0/segments/3bbeb70c-9d0c-495e-8301-bd6b76ce0846/payload_index/av6ugl3i20mfha3ufps0dalf-pathsegm-null/is_null/flags_a.dat
 create mode 100644 qdrant_storage/collections/ws-bcf048b37cfd0a5d/0/segments/3bbeb70c-9d0c-495e-8301-bd6b76ce0846/payload_index/av6ugl3i20mfha3ufps0dalf-pathsegm-null/is_null/status.dat
 create mode 100644 qdrant_storage/collections/ws-bcf048b37cfd0a5d/0/segments/3bbeb70c-9d0c-495e-8301-bd6b76ce0846/payload_index/config.json
 create mode 100644 qdrant_storage/collections/ws-bcf048b37cfd0a5d/0/segments/3bbeb70c-9d0c-495e-8301-bd6b76ce0846/payload_index/rjg14eu9hsqpsdju8btbheke-pathsegm-null/has_values/flags_a.dat
 create mode 100644 qdrant_storage/collections/ws-bcf048b37cfd0a5d/0/segments/3bbeb70c-9d0c-495e-8301-bd6b76ce0846/payload_index/rjg14eu9hsqpsdju8btbheke-pathsegm-null/has_values/status.dat
 create mode 100644 qdrant_storage/collections/ws-bcf048b37cfd0a5d/0/segments/3bbeb70c-9d0c-495e-8301-bd6b76ce0846/payload_index/rjg14eu9hsqpsdju8btbheke-pathsegm-null/is_null/flags_a.dat
 create mode 100644 qdrant_storage/collections/ws-bcf048b37cfd0a5d/0/segments/3bbeb70c-9d0c-495e-8301-bd6b76ce0846/payload_index/rjg14eu9hsqpsdju8btbheke-pathsegm-null/is_null/status.dat
 create mode 100644 qdrant_storage/collections/ws-bcf048b37cfd0a5d/0/segments/3bbeb70c-9d0c-495e-8301-bd6b76ce0846/payload_index/vpkcbc7s7vkapvs05rpao4ta-pathsegm-null/has_values/flags_a.dat
 create mode 100644 qdrant_storage/collections/ws-bcf048b37cfd0a5d/0/segments/3bbeb70c-9d0c-495e-8301-bd6b76ce0846/payload_index/vpkcbc7s7vkapvs05rpao4ta-pathsegm-null/has_values/status.dat
 create mode 100644 qdrant_storage/collections/ws-bcf048b37cfd0a5d/0/segments/3bbeb70c-9d0c-495e-8301-bd6b76ce0846/payload_index/vpkcbc7s7vkapvs05rpao4ta-pathsegm-null/is_null/flags_a.dat
 create mode 100644 qdrant_storage/collections/ws-bcf048b37cfd0a5d/0/segments/3bbeb70c-9d0c-495e-8301-bd6b76ce0846/payload_index/vpkcbc7s7vkapvs05rpao4ta-pathsegm-null/is_null/status.dat
 create mode 100644 qdrant_storage/collections/ws-bcf048b37cfd0a5d/0/segments/3bbeb70c-9d0c-495e-8301-bd6b76ce0846/payload_storage/bitmask.dat
 create mode 100644 qdrant_storage/collections/ws-bcf048b37cfd0a5d/0/segments/3bbeb70c-9d0c-495e-8301-bd6b76ce0846/payload_storage/config.json
 create mode 100644 qdrant_storage/collections/ws-bcf048b37cfd0a5d/0/segments/3bbeb70c-9d0c-495e-8301-bd6b76ce0846/payload_storage/gaps.dat
 create mode 100644 qdrant_storage/collections/ws-bcf048b37cfd0a5d/0/segments/3bbeb70c-9d0c-495e-8301-bd6b76ce0846/payload_storage/page_0.dat
 create mode 100644 qdrant_storage/collections/ws-bcf048b37cfd0a5d/0/segments/3bbeb70c-9d0c-495e-8301-bd6b76ce0846/payload_storage/tracker.dat
 create mode 100644 qdrant_storage/collections/ws-bcf048b37cfd0a5d/0/segments/3bbeb70c-9d0c-495e-8301-bd6b76ce0846/segment.json
 create mode 100644 qdrant_storage/collections/ws-bcf048b37cfd0a5d/0/segments/3bbeb70c-9d0c-495e-8301-bd6b76ce0846/vector_storage/deleted/flags_a.dat
 create mode 100644 qdrant_storage/collections/ws-bcf048b37cfd0a5d/0/segments/3bbeb70c-9d0c-495e-8301-bd6b76ce0846/vector_storage/deleted/status.dat
 create mode 100644 qdrant_storage/collections/ws-bcf048b37cfd0a5d/0/segments/3bbeb70c-9d0c-495e-8301-bd6b76ce0846/vector_storage/vectors/config.json
 create mode 100644 qdrant_storage/collections/ws-bcf048b37cfd0a5d/0/segments/3bbeb70c-9d0c-495e-8301-bd6b76ce0846/vector_storage/vectors/status.dat
 create mode 100644 qdrant_storage/collections/ws-bcf048b37cfd0a5d/0/segments/3bbeb70c-9d0c-495e-8301-bd6b76ce0846/version.info
 create mode 100644 qdrant_storage/collections/ws-bcf048b37cfd0a5d/0/segments/4b6330f2-8839-4859-9e78-5343d76d228a/payload_index/000004.log
 create mode 100644 qdrant_storage/collections/ws-bcf048b37cfd0a5d/0/segments/4b6330f2-8839-4859-9e78-5343d76d228a/payload_index/56bl8l41ubfjimika52mbl2i-pathsegm-null/has_values/flags_a.dat
 create mode 100644 qdrant_storage/collections/ws-bcf048b37cfd0a5d/0/segments/4b6330f2-8839-4859-9e78-5343d76d228a/payload_index/56bl8l41ubfjimika52mbl2i-pathsegm-null/has_values/status.dat
 create mode 100644 qdrant_storage/collections/ws-bcf048b37cfd0a5d/0/segments/4b6330f2-8839-4859-9e78-5343d76d228a/payload_index/56bl8l41ubfjimika52mbl2i-pathsegm-null/is_null/flags_a.dat
 create mode 100644 qdrant_storage/collections/ws-bcf048b37cfd0a5d/0/segments/4b6330f2-8839-4859-9e78-5343d76d228a/payload_index/56bl8l41ubfjimika52mbl2i-pathsegm-null/is_null/status.dat
 create mode 100644 qdrant_storage/collections/ws-bcf048b37cfd0a5d/0/segments/4b6330f2-8839-4859-9e78-5343d76d228a/payload_index/9th6eupg05k1p8f7gtk9u0pf-pathsegm-null/has_values/flags_a.dat
 create mode 100644 qdrant_storage/collections/ws-bcf048b37cfd0a5d/0/segments/4b6330f2-8839-4859-9e78-5343d76d228a/payload_index/9th6eupg05k1p8f7gtk9u0pf-pathsegm-null/has_values/status.dat
 create mode 100644 qdrant_storage/collections/ws-bcf048b37cfd0a5d/0/segments/4b6330f2-8839-4859-9e78-5343d76d228a/payload_index/9th6eupg05k1p8f7gtk9u0pf-pathsegm-null/is_null/flags_a.dat
 create mode 100644 qdrant_storage/collections/ws-bcf048b37cfd0a5d/0/segments/4b6330f2-8839-4859-9e78-5343d76d228a/payload_index/9th6eupg05k1p8f7gtk9u0pf-pathsegm-null/is_null/status.dat
 create mode 100644 qdrant_storage/collections/ws-bcf048b37cfd0a5d/0/segments/4b6330f2-8839-4859-9e78-5343d76d228a/payload_index/CURRENT
 create mode 100644 qdrant_storage/collections/ws-bcf048b37cfd0a5d/0/segments/4b6330f2-8839-4859-9e78-5343d76d228a/payload_index/IDENTITY
 create mode 100644 qdrant_storage/collections/ws-bcf048b37cfd0a5d/0/segments/4b6330f2-8839-4859-9e78-5343d76d228a/payload_index/LOCK
 create mode 100644 qdrant_storage/collections/ws-bcf048b37cfd0a5d/0/segments/4b6330f2-8839-4859-9e78-5343d76d228a/payload_index/LOG
 create mode 100644 qdrant_storage/collections/ws-bcf048b37cfd0a5d/0/segments/4b6330f2-8839-4859-9e78-5343d76d228a/payload_index/MANIFEST-000005
 create mode 100644 qdrant_storage/collections/ws-bcf048b37cfd0a5d/0/segments/4b6330f2-8839-4859-9e78-5343d76d228a/payload_index/OPTIONS-000015
 create mode 100644 qdrant_storage/collections/ws-bcf048b37cfd0a5d/0/segments/4b6330f2-8839-4859-9e78-5343d76d228a/payload_index/OPTIONS-000017
 create mode 100644 qdrant_storage/collections/ws-bcf048b37cfd0a5d/0/segments/4b6330f2-8839-4859-9e78-5343d76d228a/payload_index/av6ugl3i20mfha3ufps0dalf-pathsegm-null/has_values/flags_a.dat
 create mode 100644 qdrant_storage/collections/ws-bcf048b37cfd0a5d/0/segments/4b6330f2-8839-4859-9e78-5343d76d228a/payload_index/av6ugl3i20mfha3ufps0dalf-pathsegm-null/has_values/status.dat
 create mode 100644 qdrant_storage/collections/ws-bcf048b37cfd0a5d/0/segments/4b6330f2-8839-4859-9e78-5343d76d228a/payload_index/av6ugl3i20mfha3ufps0dalf-pathsegm-null/is_null/flags_a.dat
 create mode 100644 qdrant_storage/collections/ws-bcf048b37cfd0a5d/0/segments/4b6330f2-8839-4859-9e78-5343d76d228a/payload_index/av6ugl3i20mfha3ufps0dalf-pathsegm-null/is_null/status.dat
 create mode 100644 qdrant_storage/collections/ws-bcf048b37cfd0a5d/0/segments/4b6330f2-8839-4859-9e78-5343d76d228a/payload_index/config.json
 create mode 100644 qdrant_storage/collections/ws-bcf048b37cfd0a5d/0/segments/4b6330f2-8839-4859-9e78-5343d76d228a/payload_index/rjg14eu9hsqpsdju8btbheke-pathsegm-null/has_values/flags_a.dat
 create mode 100644 qdrant_storage/collections/ws-bcf048b37cfd0a5d/0/segments/4b6330f2-8839-4859-9e78-5343d76d228a/payload_index/rjg14eu9hsqpsdju8btbheke-pathsegm-null/has_values/status.dat
 create mode 100644 qdrant_storage/collections/ws-bcf048b37cfd0a5d/0/segments/4b6330f2-8839-4859-9e78-5343d76d228a/payload_index/rjg14eu9hsqpsdju8btbheke-pathsegm-null/is_null/flags_a.dat
 create mode 100644 qdrant_storage/collections/ws-bcf048b37cfd0a5d/0/segments/4b6330f2-8839-4859-9e78-5343d76d228a/payload_index/rjg14eu9hsqpsdju8btbheke-pathsegm-null/is_null/status.dat
 create mode 100644 qdrant_storage/collections/ws-bcf048b37cfd0a5d/0/segments/4b6330f2-8839-4859-9e78-5343d76d228a/payload_index/vpkcbc7s7vkapvs05rpao4ta-pathsegm-null/has_values/flags_a.dat
 create mode 100644 qdrant_storage/collections/ws-bcf048b37cfd0a5d/0/segments/4b6330f2-8839-4859-9e78-5343d76d228a/payload_index/vpkcbc7s7vkapvs05rpao4ta-pathsegm-null/has_values/status.dat
 create mode 100644 qdrant_storage/collections/ws-bcf048b37cfd0a5d/0/segments/4b6330f2-8839-4859-9e78-5343d76d228a/payload_index/vpkcbc7s7vkapvs05rpao4ta-pathsegm-null/is_null/flags_a.dat
 create mode 100644 qdrant_storage/collections/ws-bcf048b37cfd0a5d/0/segments/4b6330f2-8839-4859-9e78-5343d76d228a/payload_index/vpkcbc7s7vkapvs05rpao4ta-pathsegm-null/is_null/status.dat
 create mode 100644 qdrant_storage/collections/ws-bcf048b37cfd0a5d/0/segments/4b6330f2-8839-4859-9e78-5343d76d228a/payload_storage/bitmask.dat
 create mode 100644 qdrant_storage/collections/ws-bcf048b37cfd0a5d/0/segments/4b6330f2-8839-4859-9e78-5343d76d228a/payload_storage/config.json
 create mode 100644 qdrant_storage/collections/ws-bcf048b37cfd0a5d/0/segments/4b6330f2-8839-4859-9e78-5343d76d228a/payload_storage/gaps.dat
 create mode 100644 qdrant_storage/collections/ws-bcf048b37cfd0a5d/0/segments/4b6330f2-8839-4859-9e78-5343d76d228a/payload_storage/page_0.dat
 create mode 100644 qdrant_storage/collections/ws-bcf048b37cfd0a5d/0/segments/4b6330f2-8839-4859-9e78-5343d76d228a/payload_storage/tracker.dat
 create mode 100644 qdrant_storage/collections/ws-bcf048b37cfd0a5d/0/segments/4b6330f2-8839-4859-9e78-5343d76d228a/segment.json
 create mode 100644 qdrant_storage/collections/ws-bcf048b37cfd0a5d/0/segments/4b6330f2-8839-4859-9e78-5343d76d228a/vector_storage/deleted/flags_a.dat
 create mode 100644 qdrant_storage/collections/ws-bcf048b37cfd0a5d/0/segments/4b6330f2-8839-4859-9e78-5343d76d228a/vector_storage/deleted/status.dat
 create mode 100644 qdrant_storage/collections/ws-bcf048b37cfd0a5d/0/segments/4b6330f2-8839-4859-9e78-5343d76d228a/vector_storage/vectors/config.json
 create mode 100644 qdrant_storage/collections/ws-bcf048b37cfd0a5d/0/segments/4b6330f2-8839-4859-9e78-5343d76d228a/vector_storage/vectors/status.dat
 create mode 100644 qdrant_storage/collections/ws-bcf048b37cfd0a5d/0/segments/4b6330f2-8839-4859-9e78-5343d76d228a/version.info
 create mode 100644 qdrant_storage/collections/ws-bcf048b37cfd0a5d/0/segments/521bc366-cf1c-4bc6-b76a-4810af702a4f/payload_index/000004.log
 create mode 100644 qdrant_storage/collections/ws-bcf048b37cfd0a5d/0/segments/521bc366-cf1c-4bc6-b76a-4810af702a4f/payload_index/56bl8l41ubfjimika52mbl2i-pathsegm-null/has_values/flags_a.dat
 create mode 100644 qdrant_storage/collections/ws-bcf048b37cfd0a5d/0/segments/521bc366-cf1c-4bc6-b76a-4810af702a4f/payload_index/56bl8l41ubfjimika52mbl2i-pathsegm-null/has_values/status.dat
 create mode 100644 qdrant_storage/collections/ws-bcf048b37cfd0a5d/0/segments/521bc366-cf1c-4bc6-b76a-4810af702a4f/payload_index/56bl8l41ubfjimika52mbl2i-pathsegm-null/is_null/flags_a.dat
 create mode 100644 qdrant_storage/collections/ws-bcf048b37cfd0a5d/0/segments/521bc366-cf1c-4bc6-b76a-4810af702a4f/payload_index/56bl8l41ubfjimika52mbl2i-pathsegm-null/is_null/status.dat
 create mode 100644 qdrant_storage/collections/ws-bcf048b37cfd0a5d/0/segments/521bc366-cf1c-4bc6-b76a-4810af702a4f/payload_index/9th6eupg05k1p8f7gtk9u0pf-pathsegm-null/has_values/flags_a.dat
 create mode 100644 qdrant_storage/collections/ws-bcf048b37cfd0a5d/0/segments/521bc366-cf1c-4bc6-b76a-4810af702a4f/payload_index/9th6eupg05k1p8f7gtk9u0pf-pathsegm-null/has_values/status.dat
 create mode 100644 qdrant_storage/collections/ws-bcf048b37cfd0a5d/0/segments/521bc366-cf1c-4bc6-b76a-4810af702a4f/payload_index/9th6eupg05k1p8f7gtk9u0pf-pathsegm-null/is_null/flags_a.dat
 create mode 100644 qdrant_storage/collections/ws-bcf048b37cfd0a5d/0/segments/521bc366-cf1c-4bc6-b76a-4810af702a4f/payload_index/9th6eupg05k1p8f7gtk9u0pf-pathsegm-null/is_null/status.dat
 create mode 100644 qdrant_storage/collections/ws-bcf048b37cfd0a5d/0/segments/521bc366-cf1c-4bc6-b76a-4810af702a4f/payload_index/CURRENT
 create mode 100644 qdrant_storage/collections/ws-bcf048b37cfd0a5d/0/segments/521bc366-cf1c-4bc6-b76a-4810af702a4f/payload_index/IDENTITY
 create mode 100644 qdrant_storage/collections/ws-bcf048b37cfd0a5d/0/segments/521bc366-cf1c-4bc6-b76a-4810af702a4f/payload_index/LOCK
 create mode 100644 qdrant_storage/collections/ws-bcf048b37cfd0a5d/0/segments/521bc366-cf1c-4bc6-b76a-4810af702a4f/payload_index/LOG
 create mode 100644 qdrant_storage/collections/ws-bcf048b37cfd0a5d/0/segments/521bc366-cf1c-4bc6-b76a-4810af702a4f/payload_index/MANIFEST-000005
 create mode 100644 qdrant_storage/collections/ws-bcf048b37cfd0a5d/0/segments/521bc366-cf1c-4bc6-b76a-4810af702a4f/payload_index/OPTIONS-000015
 create mode 100644 qdrant_storage/collections/ws-bcf048b37cfd0a5d/0/segments/521bc366-cf1c-4bc6-b76a-4810af702a4f/payload_index/OPTIONS-000017
 create mode 100644 qdrant_storage/collections/ws-bcf048b37cfd0a5d/0/segments/521bc366-cf1c-4bc6-b76a-4810af702a4f/payload_index/av6ugl3i20mfha3ufps0dalf-pathsegm-null/has_values/flags_a.dat
 create mode 100644 qdrant_storage/collections/ws-bcf048b37cfd0a5d/0/segments/521bc366-cf1c-4bc6-b76a-4810af702a4f/payload_index/av6ugl3i20mfha3ufps0dalf-pathsegm-null/has_values/status.dat
 create mode 100644 qdrant_storage/collections/ws-bcf048b37cfd0a5d/0/segments/521bc366-cf1c-4bc6-b76a-4810af702a4f/payload_index/av6ugl3i20mfha3ufps0dalf-pathsegm-null/is_null/flags_a.dat
 create mode 100644 qdrant_storage/collections/ws-bcf048b37cfd0a5d/0/segments/521bc366-cf1c-4bc6-b76a-4810af702a4f/payload_index/av6ugl3i20mfha3ufps0dalf-pathsegm-null/is_null/status.dat
 create mode 100644 qdrant_storage/collections/ws-bcf048b37cfd0a5d/0/segments/521bc366-cf1c-4bc6-b76a-4810af702a4f/payload_index/config.json
 create mode 100644 qdrant_storage/collections/ws-bcf048b37cfd0a5d/0/segments/521bc366-cf1c-4bc6-b76a-4810af702a4f/payload_index/rjg14eu9hsqpsdju8btbheke-pathsegm-null/has_values/flags_a.dat
 create mode 100644 qdrant_storage/collections/ws-bcf048b37cfd0a5d/0/segments/521bc366-cf1c-4bc6-b76a-4810af702a4f/payload_index/rjg14eu9hsqpsdju8btbheke-pathsegm-null/has_values/status.dat
 create mode 100644 qdrant_storage/collections/ws-bcf048b37cfd0a5d/0/segments/521bc366-cf1c-4bc6-b76a-4810af702a4f/payload_index/rjg14eu9hsqpsdju8btbheke-pathsegm-null/is_null/flags_a.dat
 create mode 100644 qdrant_storage/collections/ws-bcf048b37cfd0a5d/0/segments/521bc366-cf1c-4bc6-b76a-4810af702a4f/payload_index/rjg14eu9hsqpsdju8btbheke-pathsegm-null/is_null/status.dat
 create mode 100644 qdrant_storage/collections/ws-bcf048b37cfd0a5d/0/segments/521bc366-cf1c-4bc6-b76a-4810af702a4f/payload_index/vpkcbc7s7vkapvs05rpao4ta-pathsegm-null/has_values/flags_a.dat
 create mode 100644 qdrant_storage/collections/ws-bcf048b37cfd0a5d/0/segments/521bc366-cf1c-4bc6-b76a-4810af702a4f/payload_index/vpkcbc7s7vkapvs05rpao4ta-pathsegm-null/has_values/status.dat
 create mode 100644 qdrant_storage/collections/ws-bcf048b37cfd0a5d/0/segments/521bc366-cf1c-4bc6-b76a-4810af702a4f/payload_index/vpkcbc7s7vkapvs05rpao4ta-pathsegm-null/is_null/flags_a.dat
 create mode 100644 qdrant_storage/collections/ws-bcf048b37cfd0a5d/0/segments/521bc366-cf1c-4bc6-b76a-4810af702a4f/payload_index/vpkcbc7s7vkapvs05rpao4ta-pathsegm-null/is_null/status.dat
 create mode 100644 qdrant_storage/collections/ws-bcf048b37cfd0a5d/0/segments/521bc366-cf1c-4bc6-b76a-4810af702a4f/payload_storage/bitmask.dat
 create mode 100644 qdrant_storage/collections/ws-bcf048b37cfd0a5d/0/segments/521bc366-cf1c-4bc6-b76a-4810af702a4f/payload_storage/config.json
 create mode 100644 qdrant_storage/collections/ws-bcf048b37cfd0a5d/0/segments/521bc366-cf1c-4bc6-b76a-4810af702a4f/payload_storage/gaps.dat
 create mode 100644 qdrant_storage/collections/ws-bcf048b37cfd0a5d/0/segments/521bc366-cf1c-4bc6-b76a-4810af702a4f/payload_storage/page_0.dat
 create mode 100644 qdrant_storage/collections/ws-bcf048b37cfd0a5d/0/segments/521bc366-cf1c-4bc6-b76a-4810af702a4f/payload_storage/tracker.dat
 create mode 100644 qdrant_storage/collections/ws-bcf048b37cfd0a5d/0/segments/521bc366-cf1c-4bc6-b76a-4810af702a4f/segment.json
 create mode 100644 qdrant_storage/collections/ws-bcf048b37cfd0a5d/0/segments/521bc366-cf1c-4bc6-b76a-4810af702a4f/vector_storage/deleted/flags_a.dat
 create mode 100644 qdrant_storage/collections/ws-bcf048b37cfd0a5d/0/segments/521bc366-cf1c-4bc6-b76a-4810af702a4f/vector_storage/deleted/status.dat
 create mode 100644 qdrant_storage/collections/ws-bcf048b37cfd0a5d/0/segments/521bc366-cf1c-4bc6-b76a-4810af702a4f/vector_storage/vectors/config.json
 create mode 100644 qdrant_storage/collections/ws-bcf048b37cfd0a5d/0/segments/521bc366-cf1c-4bc6-b76a-4810af702a4f/vector_storage/vectors/status.dat
 create mode 100644 qdrant_storage/collections/ws-bcf048b37cfd0a5d/0/segments/521bc366-cf1c-4bc6-b76a-4810af702a4f/version.info
 create mode 100644 qdrant_storage/collections/ws-bcf048b37cfd0a5d/0/segments/d550b874-6a13-464e-ae9a-8f142b316182/payload_index/000004.log
 create mode 100644 qdrant_storage/collections/ws-bcf048b37cfd0a5d/0/segments/d550b874-6a13-464e-ae9a-8f142b316182/payload_index/56bl8l41ubfjimika52mbl2i-pathsegm-null/has_values/flags_a.dat
 create mode 100644 qdrant_storage/collections/ws-bcf048b37cfd0a5d/0/segments/d550b874-6a13-464e-ae9a-8f142b316182/payload_index/56bl8l41ubfjimika52mbl2i-pathsegm-null/has_values/status.dat
 create mode 100644 qdrant_storage/collections/ws-bcf048b37cfd0a5d/0/segments/d550b874-6a13-464e-ae9a-8f142b316182/payload_index/56bl8l41ubfjimika52mbl2i-pathsegm-null/is_null/flags_a.dat
 create mode 100644 qdrant_storage/collections/ws-bcf048b37cfd0a5d/0/segments/d550b874-6a13-464e-ae9a-8f142b316182/payload_index/56bl8l41ubfjimika52mbl2i-pathsegm-null/is_null/status.dat
 create mode 100644 qdrant_storage/collections/ws-bcf048b37cfd0a5d/0/segments/d550b874-6a13-464e-ae9a-8f142b316182/payload_index/9th6eupg05k1p8f7gtk9u0pf-pathsegm-null/has_values/flags_a.dat
 create mode 100644 qdrant_storage/collections/ws-bcf048b37cfd0a5d/0/segments/d550b874-6a13-464e-ae9a-8f142b316182/payload_index/9th6eupg05k1p8f7gtk9u0pf-pathsegm-null/has_values/status.dat
 create mode 100644 qdrant_storage/collections/ws-bcf048b37cfd0a5d/0/segments/d550b874-6a13-464e-ae9a-8f142b316182/payload_index/9th6eupg05k1p8f7gtk9u0pf-pathsegm-null/is_null/flags_a.dat
 create mode 100644 qdrant_storage/collections/ws-bcf048b37cfd0a5d/0/segments/d550b874-6a13-464e-ae9a-8f142b316182/payload_index/9th6eupg05k1p8f7gtk9u0pf-pathsegm-null/is_null/status.dat
 create mode 100644 qdrant_storage/collections/ws-bcf048b37cfd0a5d/0/segments/d550b874-6a13-464e-ae9a-8f142b316182/payload_index/CURRENT
 create mode 100644 qdrant_storage/collections/ws-bcf048b37cfd0a5d/0/segments/d550b874-6a13-464e-ae9a-8f142b316182/payload_index/IDENTITY
 create mode 100644 qdrant_storage/collections/ws-bcf048b37cfd0a5d/0/segments/d550b874-6a13-464e-ae9a-8f142b316182/payload_index/LOCK
 create mode 100644 qdrant_storage/collections/ws-bcf048b37cfd0a5d/0/segments/d550b874-6a13-464e-ae9a-8f142b316182/payload_index/LOG
 create mode 100644 qdrant_storage/collections/ws-bcf048b37cfd0a5d/0/segments/d550b874-6a13-464e-ae9a-8f142b316182/payload_index/MANIFEST-000005
 create mode 100644 qdrant_storage/collections/ws-bcf048b37cfd0a5d/0/segments/d550b874-6a13-464e-ae9a-8f142b316182/payload_index/OPTIONS-000015
 create mode 100644 qdrant_storage/collections/ws-bcf048b37cfd0a5d/0/segments/d550b874-6a13-464e-ae9a-8f142b316182/payload_index/OPTIONS-000017
 create mode 100644 qdrant_storage/collections/ws-bcf048b37cfd0a5d/0/segments/d550b874-6a13-464e-ae9a-8f142b316182/payload_index/av6ugl3i20mfha3ufps0dalf-pathsegm-null/has_values/flags_a.dat
 create mode 100644 qdrant_storage/collections/ws-bcf048b37cfd0a5d/0/segments/d550b874-6a13-464e-ae9a-8f142b316182/payload_index/av6ugl3i20mfha3ufps0dalf-pathsegm-null/has_values/status.dat
 create mode 100644 qdrant_storage/collections/ws-bcf048b37cfd0a5d/0/segments/d550b874-6a13-464e-ae9a-8f142b316182/payload_index/av6ugl3i20mfha3ufps0dalf-pathsegm-null/is_null/flags_a.dat
 create mode 100644 qdrant_storage/collections/ws-bcf048b37cfd0a5d/0/segments/d550b874-6a13-464e-ae9a-8f142b316182/payload_index/av6ugl3i20mfha3ufps0dalf-pathsegm-null/is_null/status.dat
 create mode 100644 qdrant_storage/collections/ws-bcf048b37cfd0a5d/0/segments/d550b874-6a13-464e-ae9a-8f142b316182/payload_index/config.json
 create mode 100644 qdrant_storage/collections/ws-bcf048b37cfd0a5d/0/segments/d550b874-6a13-464e-ae9a-8f142b316182/payload_index/rjg14eu9hsqpsdju8btbheke-pathsegm-null/has_values/flags_a.dat
 create mode 100644 qdrant_storage/collections/ws-bcf048b37cfd0a5d/0/segments/d550b874-6a13-464e-ae9a-8f142b316182/payload_index/rjg14eu9hsqpsdju8btbheke-pathsegm-null/has_values/status.dat
 create mode 100644 qdrant_storage/collections/ws-bcf048b37cfd0a5d/0/segments/d550b874-6a13-464e-ae9a-8f142b316182/payload_index/rjg14eu9hsqpsdju8btbheke-pathsegm-null/is_null/flags_a.dat
 create mode 100644 qdrant_storage/collections/ws-bcf048b37cfd0a5d/0/segments/d550b874-6a13-464e-ae9a-8f142b316182/payload_index/rjg14eu9hsqpsdju8btbheke-pathsegm-null/is_null/status.dat
 create mode 100644 qdrant_storage/collections/ws-bcf048b37cfd0a5d/0/segments/d550b874-6a13-464e-ae9a-8f142b316182/payload_index/vpkcbc7s7vkapvs05rpao4ta-pathsegm-null/has_values/flags_a.dat
 create mode 100644 qdrant_storage/collections/ws-bcf048b37cfd0a5d/0/segments/d550b874-6a13-464e-ae9a-8f142b316182/payload_index/vpkcbc7s7vkapvs05rpao4ta-pathsegm-null/has_values/status.dat
 create mode 100644 qdrant_storage/collections/ws-bcf048b37cfd0a5d/0/segments/d550b874-6a13-464e-ae9a-8f142b316182/payload_index/vpkcbc7s7vkapvs05rpao4ta-pathsegm-null/is_null/flags_a.dat
 create mode 100644 qdrant_storage/collections/ws-bcf048b37cfd0a5d/0/segments/d550b874-6a13-464e-ae9a-8f142b316182/payload_index/vpkcbc7s7vkapvs05rpao4ta-pathsegm-null/is_null/status.dat
 create mode 100644 qdrant_storage/collections/ws-bcf048b37cfd0a5d/0/segments/d550b874-6a13-464e-ae9a-8f142b316182/payload_storage/bitmask.dat
 create mode 100644 qdrant_storage/collections/ws-bcf048b37cfd0a5d/0/segments/d550b874-6a13-464e-ae9a-8f142b316182/payload_storage/config.json
 create mode 100644 qdrant_storage/collections/ws-bcf048b37cfd0a5d/0/segments/d550b874-6a13-464e-ae9a-8f142b316182/payload_storage/gaps.dat
 create mode 100644 qdrant_storage/collections/ws-bcf048b37cfd0a5d/0/segments/d550b874-6a13-464e-ae9a-8f142b316182/payload_storage/page_0.dat
 create mode 100644 qdrant_storage/collections/ws-bcf048b37cfd0a5d/0/segments/d550b874-6a13-464e-ae9a-8f142b316182/payload_storage/tracker.dat
 create mode 100644 qdrant_storage/collections/ws-bcf048b37cfd0a5d/0/segments/d550b874-6a13-464e-ae9a-8f142b316182/segment.json
 create mode 100644 qdrant_storage/collections/ws-bcf048b37cfd0a5d/0/segments/d550b874-6a13-464e-ae9a-8f142b316182/vector_storage/deleted/flags_a.dat
 create mode 100644 qdrant_storage/collections/ws-bcf048b37cfd0a5d/0/segments/d550b874-6a13-464e-ae9a-8f142b316182/vector_storage/deleted/status.dat
 create mode 100644 qdrant_storage/collections/ws-bcf048b37cfd0a5d/0/segments/d550b874-6a13-464e-ae9a-8f142b316182/vector_storage/vectors/config.json
 create mode 100644 qdrant_storage/collections/ws-bcf048b37cfd0a5d/0/segments/d550b874-6a13-464e-ae9a-8f142b316182/vector_storage/vectors/status.dat
 create mode 100644 qdrant_storage/collections/ws-bcf048b37cfd0a5d/0/segments/d550b874-6a13-464e-ae9a-8f142b316182/version.info
 create mode 100644 qdrant_storage/collections/ws-bcf048b37cfd0a5d/0/shard_config.json
 create mode 100644 qdrant_storage/collections/ws-bcf048b37cfd0a5d/0/wal/first-index
 create mode 100644 qdrant_storage/collections/ws-bcf048b37cfd0a5d/0/wal/open-1
 create mode 100644 qdrant_storage/collections/ws-bcf048b37cfd0a5d/0/wal/open-2
 create mode 100644 qdrant_storage/collections/ws-bcf048b37cfd0a5d/config.json
 create mode 100644 qdrant_storage/collections/ws-bcf048b37cfd0a5d/payload_index.json
 create mode 100644 qdrant_storage/collections/ws-bcf048b37cfd0a5d/shard_key_mapping.json
 create mode 100644 qdrant_storage/collections/ws-bcf048b37cfd0a5d/version.info
