$ gh label create standard/JIS -R g0udurix/LRN --color 5319e7 --description JIS --force
[rc=0]

[APPLIED] labels synchronized via gh
$ git add -A
[rc=0]

$ git diff --cached --quiet
[rc=1]

$ git commit -m chore(project): bootstrap PM artifacts (2025-08-08T17:07:01Z)
[rc=0]
[feat/history-crawl 4e6dafd] chore(project): bootstrap PM artifacts (2025-08-08T17:07:01Z)
 37 files changed, 760 insertions(+), 112 deletions(-)
 create mode 100644 .github/ISSUE_TEMPLATE/config.yml
 create mode 100644 .github/ISSUE_TEMPLATE/epic.md
 create mode 100644 .github/ISSUE_TEMPLATE/tech_debt.md
 create mode 100644 .github/dependabot.yml
 create mode 100644 .github/labeler.yml
 create mode 100644 .github/release-drafter.yml
 create mode 100644 .github/workflows/labeler.yml
 create mode 100644 .github/workflows/release-drafter.yml
 create mode 100644 CODEOWNERS
 create mode 100644 logs/pm_20250808T170639Z.log
 create mode 100644 logs/pm_20250808T170640Z.log
 create mode 100644 logs/pm_20250808T170641Z.log
 create mode 100644 logs/pm_20250808T170642Z.log
 create mode 100644 logs/pm_20250808T170643Z.log
 create mode 100644 logs/pm_20250808T170644Z.log
 create mode 100644 logs/pm_20250808T170645Z.log
 create mode 100644 logs/pm_20250808T170646Z.log
 create mode 100644 logs/pm_20250808T170647Z.log
 create mode 100644 logs/pm_20250808T170648Z.log
 create mode 100644 logs/pm_20250808T170649Z.log
 create mode 100644 logs/pm_20250808T170650Z.log
 create mode 100644 logs/pm_20250808T170651Z.log
 create mode 100644 logs/pm_20250808T170652Z.log
 create mode 100644 logs/pm_20250808T170653Z.log
 create mode 100644 logs/pm_20250808T170654Z.log
 create mode 100644 logs/pm_20250808T170655Z.log
 create mode 100644 logs/pm_20250808T170656Z.log
 create mode 100644 logs/pm_20250808T170657Z.log
 create mode 100644 logs/pm_20250808T170658Z.log
 create mode 100644 logs/pm_20250808T170659Z.log
 create mode 100644 logs/pm_20250808T170700Z.log
 create mode 100644 logs/pm_20250808T170701Z.log
