$ git rm -r --cached --ignore-unmatch logs qdrant_storage
[rc=0]
rm 'logs/bundle_output.txt'
rm 'logs/pm3_20250808T185432Z.log'
rm 'logs/pm3_20250808T185433Z.log'
rm 'logs/pm3_20250808T185434Z.log'
rm 'logs/pm3_20250808T185435Z.log'
rm 'logs/pm3_20250808T185436Z.log'
rm 'logs/pm3_20250808T185437Z.log'
rm 'logs/pm3_20250808T185438Z.log'
rm 'logs/pm3_20250808T185439Z.log'
rm 'logs/pm3_20250808T185440Z.log'
rm 'logs/pm3_20250808T185441Z.log'
rm 'logs/pm3_20250808T185443Z.log'
rm 'logs/pm3_20250808T185446Z.log'
rm 'logs/pm3_20250808T185447Z.log'
rm 'logs/pm3_20250808T185448Z.log'
rm 'logs/pm3_20250808T185934Z.log'
rm 'logs/pm3_20250808T185935Z.log'
rm 'logs/pm3_20250808T185936Z.log'
rm 'logs/pm3_20250808T185937Z.log'
rm 'logs/pm3_20250808T185938Z.log'
rm 'logs/pm3_20250808T185939Z.log'
rm 'logs/pm3_20250808T185940Z.log'
rm 'logs/pm3_20250808T185941Z.log'
rm 'logs/pm3_20250808T185942Z.log'
rm 'logs/pm3_20250808T185943Z.log'
rm 'logs/pm3_20250808T185944Z.log'
rm 'logs/pm3_20250808T185946Z.log'
rm 'logs/pm3_20250808T185948Z.log'
rm 'logs/pm3_20250808T185949Z.log'
rm 'logs/pm3_20250808T185950Z.log'
rm 'logs/pm3_20250808T185953Z.log'
rm 'logs/pm3_20250808T192442Z.log'
rm 'logs/pm3_20250808T192443Z.log'
rm 'logs/pm3_20250808T192444Z.log'
rm 'logs/pm3_20250808T192445Z.log'
rm 'logs/pm3_20250808T192446Z.log'
rm 'logs/pm3_20250808T192447Z.log'
rm 'logs/pm3_20250808T192448Z.log'
rm 'logs/pm3_20250808T192449Z.log'
rm 'logs/pm3_20250808T192450Z.log'
rm 'logs/pm3_20250808T192451Z.log'
rm 'logs/pm3_20250808T192453Z.log'
rm 'logs/pm_20250808T170639Z.log'
rm 'logs/pm_20250808T170640Z.log'
rm 'logs/pm_20250808T170641Z.log'
rm 'logs/pm_20250808T170642Z.log'
rm 'logs/pm_20250808T170643Z.log'
rm 'logs/pm_20250808T170644Z.log'
rm 'logs/pm_20250808T170645Z.log'
rm 'logs/pm_20250808T170646Z.log'
rm 'logs/pm_20250808T170647Z.log'
rm 'logs/pm_20250808T170648Z.log'
rm 'logs/pm_20250808T170649Z.log'
rm 'logs/pm_20250808T170650Z.log'
rm 'logs/pm_20250808T170651Z.log'
rm 'logs/pm_20250808T170652Z.log'
rm 'logs/pm_20250808T170653Z.log'
rm 'logs/pm_20250808T170654Z.log'
rm 'logs/pm_20250808T170655Z.log'
rm 'logs/pm_20250808T170656Z.log'
rm 'logs/pm_20250808T170657Z.log'
rm 'logs/pm_20250808T170658Z.log'
rm 'logs/pm_20250808T170659Z.log'
rm 'logs/pm_20250808T170700Z.log'
rm 'logs/pm_20250808T170701Z.log'
rm 'logs/pm_20250808T170702Z.log'
rm 'logs/upgrade_20250808T161442Z.log'
rm 'logs/upgrade_20250808T163414Z.log'
rm 'qdrant_storage/aliases/data.json'
rm 'qdrant_storage/collections/ws-bcf048b37cfd0a5d/0/newest_clocks.json'
rm 'qdrant_storage/collections/ws-bcf048b37cfd0a5d/0/replica_state.json'
rm 'qdrant_storage/collections/ws-bcf048b37cfd0a5d/0/segments/03c37375-6d98-4b9d-b7a7-e827b8132ba7/mutable_id_tracker.mappings'
rm 'qdrant_storage/collections/ws-bcf048b37cfd0a5d/0/segments/03c37375-6d98-4b9d-b7a7-e827b8132ba7/mutable_id_tracker.versions'
rm 'qdrant_storage/collections/ws-bcf048b37cfd0a5d/0/segments/03c37375-6d98-4b9d-b7a7-e827b8132ba7/payload_index/000019.sst'
rm 'qdrant_storage/collections/ws-bcf048b37cfd0a5d/0/segments/03c37375-6d98-4b9d-b7a7-e827b8132ba7/payload_index/000020.sst'
rm 'qdrant_storage/collections/ws-bcf048b37cfd0a5d/0/segments/03c37375-6d98-4b9d-b7a7-e827b8132ba7/payload_index/000021.sst'
rm 'qdrant_storage/collections/ws-bcf048b37cfd0a5d/0/segments/03c37375-6d98-4b9d-b7a7-e827b8132ba7/payload_index/000022.sst'
rm 'qdrant_storage/collections/ws-bcf048b37cfd0a5d/0/segments/03c37375-6d98-4b9d-b7a7-e827b8132ba7/payload_index/000023.sst'
rm 'qdrant_storage/collections/ws-bcf048b37cfd0a5d/0/segments/03c37375-6d98-4b9d-b7a7-e827b8132ba7/payload_index/000024.log'
rm 'qdrant_storage/collections/ws-bcf048b37cfd0a5d/0/segments/03c37375-6d98-4b9d-b7a7-e827b8132ba7/payload_index/000025.sst'
rm 'qdrant_storage/collections/ws-bcf048b37cfd0a5d/0/segments/03c37375-6d98-4b9d-b7a7-e827b8132ba7/payload_index/000026.sst'
rm 'qdrant_storage/collections/ws-bcf048b37cfd0a5d/0/segments/03c37375-6d98-4b9d-b7a7-e827b8132ba7/payload_index/000027.sst'
rm 'qdrant_storage/collections/ws-bcf048b37cfd0a5d/0/segments/03c37375-6d98-4b9d-b7a7-e827b8132ba7/payload_index/000028.sst'
rm 'qdrant_storage/collections/ws-bcf048b37cfd0a5d/0/segments/03c37375-6d98-4b9d-b7a7-e827b8132ba7/payload_index/56bl8l41ubfjimika52mbl2i-pathsegm-null/has_values/flags_a.dat'
rm 'qdrant_storage/collections/ws-bcf048b37cfd0a5d/0/segments/03c37375-6d98-4b9d-b7a7-e827b8132ba7/payload_index/56bl8l41ubfjimika52mbl2i-pathsegm-null/has_values/status.dat'
rm 'qdrant_storage/collections/ws-bcf048b37cfd0a5d/0/segments/03c37375-6d98-4b9d-b7a7-e827b8132ba7/payload_index/56bl8l41ubfjimika52mbl2i-pathsegm-null/is_null/flags_a.dat'
rm 'qdrant_storage/collections/ws-bcf048b37cfd0a5d/0/segments/03c37375-6d98-4b9d-b7a7-e827b8132ba7/payload_index/56bl8l41ubfjimika52mbl2i-pathsegm-null/is_null/status.dat'
rm 'qdrant_storage/collections/ws-bcf048b37cfd0a5d/0/segments/03c37375-6d98-4b9d-b7a7-e827b8132ba7/payload_index/9th6eupg05k1p8f7gtk9u0pf-pathsegm-null/has_values/flags_a.dat'
rm 'qdrant_storage/collections/ws-bcf048b37cfd0a5d/0/segments/03c37375-6d98-4b9d-b7a7-e827b8132ba7/payload_index/9th6eupg05k1p8f7gtk9u0pf-pathsegm-null/has_values/status.dat'
rm 'qdrant_storage/collections/ws-bcf048b37cfd0a5d/0/segments/03c37375-6d98-4b9d-b7a7-e827b8132ba7/payload_index/9th6eupg05k1p8f7gtk9u0pf-pathsegm-null/is_null/flags_a.dat'
rm 'qdrant_storage/collections/ws-bcf048b37cfd0a5d/0/segments/03c37375-6d98-4b9d-b7a7-e827b8132ba7/payload_index/9th6eupg05k1p8f7gtk9u0pf-pathsegm-null/is_null/status.dat'
rm 'qdrant_storage/collections/ws-bcf048b37cfd0a5d/0/segments/03c37375-6d98-4b9d-b7a7-e827b8132ba7/payload_index/CURRENT'
rm 'qdrant_storage/collections/ws-bcf048b37cfd0a5d/0/segments/03c37375-6d98-4b9d-b7a7-e827b8132ba7/payload_index/IDENTITY'
rm 'qdrant_storage/collections/ws-bcf048b37cfd0a5d/0/segments/03c37375-6d98-4b9d-b7a7-e827b8132ba7/payload_index/LOCK'
rm 'qdrant_storage/collections/ws-bcf048b37cfd0a5d/0/segments/03c37375-6d98-4b9d-b7a7-e827b8132ba7/payload_index/LOG'
rm 'qdrant_storage/collections/ws-bcf048b37cfd0a5d/0/segments/03c37375-6d98-4b9d-b7a7-e827b8132ba7/payload_index/MANIFEST-000005'
rm 'qdrant_storage/collections/ws-bcf048b37cfd0a5d/0/segments/03c37375-6d98-4b9d-b7a7-e827b8132ba7/payload_index/OPTIONS-000015'
rm 'qdrant_storage/collections/ws-bcf048b37cfd0a5d/0/segments/03c37375-6d98-4b9d-b7a7-e827b8132ba7/payload_index/OPTIONS-000017'
rm 'qdrant_storage/collections/ws-bcf048b37cfd0a5d/0/segments/03c37375-6d98-4b9d-b7a7-e827b8132ba7/payload_index/av6ugl3i20mfha3ufps0dalf-pathsegm-null/has_values/flags_a.dat'
rm 'qdrant_storage/collections/ws-bcf048b37cfd0a5d/0/segments/03c37375-6d98-4b9d-b7a7-e827b8132ba7/payload_index/av6ugl3i20mfha3ufps0dalf-pathsegm-null/has_values/status.dat'
rm 'qdrant_storage/collections/ws-bcf048b37cfd0a5d/0/segments/03c37375-6d98-4b9d-b7a7-e827b8132ba7/payload_index/av6ugl3i20mfha3ufps0dalf-pathsegm-null/is_null/flags_a.dat'
rm 'qdrant_storage/collections/ws-bcf048b37cfd0a5d/0/segments/03c37375-6d98-4b9d-b7a7-e827b8132ba7/payload_index/av6ugl3i20mfha3ufps0dalf-pathsegm-null/is_null/status.dat'
rm 'qdrant_storage/collections/ws-bcf048b37cfd0a5d/0/segments/03c37375-6d98-4b9d-b7a7-e827b8132ba7/payload_index/config.json'
rm 'qdrant_storage/collections/ws-bcf048b37cfd0a5d/0/segments/03c37375-6d98-4b9d-b7a7-e827b8132ba7/payload_index/rjg14eu9hsqpsdju8btbheke-pathsegm-null/has_values/flags_a.dat'
rm 'qdrant_storage/collections/ws-bcf048b37cfd0a5d/0/segments/03c37375-6d98-4b9d-b7a7-e827b8132ba7/payload_index/rjg14eu9hsqpsdju8btbheke-pathsegm-null/has_values/status.dat'
rm 'qdrant_storage/collections/ws-bcf048b37cfd0a5d/0/segments/03c37375-6d98-4b9d-b7a7-e827b8132ba7/payload_index/rjg14eu9hsqpsdju8btbheke-pathsegm-null/is_null/flags_a.dat'
rm 'qdrant_storage/collections/ws-bcf048b37cfd0a5d/0/segments/03c37375-6d98-4b9d-b7a7-e827b8132ba7/payload_index/rjg14eu9hsqpsdju8btbheke-pathsegm-null/is_null/status.dat'
rm 'qdrant_storage/collections/ws-bcf048b37cfd0a5d/0/segments/03c37375-6d98-4b9d-b7a7-e827b8132ba7/payload_index/vpkcbc7s7vkapvs05rpao4ta-pathsegm-null/has_values/flags_a.dat'
rm 'qdrant_storage/collections/ws-bcf048b37cfd0a5d/0/segments/03c37375-6d98-4b9d-b7a7-e827b8132ba7/payload_index/vpkcbc7s7vkapvs05rpao4ta-pathsegm-null/has_values/status.dat'
rm 'qdrant_storage/collections/ws-bcf048b37cfd0a5d/0/segments/03c37375-6d98-4b9d-b7a7-e827b8132ba7/payload_index/vpkcbc7s7vkapvs05rpao4ta-pathsegm-null/is_null/flags_a.dat'
rm 'qdrant_storage/collections/ws-bcf048b37cfd0a5d/0/segments/03c37375-6d98-4b9d-b7a7-e827b8132ba7/payload_index/vpkcbc7s7vkapvs05rpao4ta-pathsegm-null/is_null/status.dat'
rm 'qdrant_storage/collections/ws-bcf048b37cfd0a5d/0/segments/03c37375-6d98-4b9d-b7a7-e827b8132ba7/payload_storage/bitmask.dat'
rm 'qdrant_storage/collections/ws-bcf048b37cfd0a5d/0/segments/03c37375-6d98-4b9d-b7a7-e827b8132ba7/payload_storage/config.json'
rm 'qdrant_storage/collections/ws-bcf048b37cfd0a5d/0/segments/03c37375-6d98-4b9d-b7a7-e827b8132ba7/payload_storage/gaps.dat'
rm 'qdrant_storage/collections/ws-bcf048b37cfd0a5d/0/segments/03c37375-6d98-4b9d-b7a7-e827b8132ba7/payload_storage/page_0.dat'
rm 'qdrant_storage/collections/ws-bcf048b37cfd0a5d/0/segments/03c37375-6d98-4b9d-b7a7-e827b8132ba7/payload_storage/tracker.dat'
rm 'qdrant_storage/collections/ws-bcf048b37cfd0a5d/0/segments/03c37375-6d98-4b9d-b7a7-e827b8132ba7/segment.json'
rm 'qdrant_storage/collections/ws-bcf048b37cfd0a5d/0/segments/03c37375-6d98-4b9d-b7a7-e827b8132ba7/vector_storage/deleted/flags_a.dat'
rm 'qdrant_storage/collections/ws-bcf048b37cfd0a5d/0/segments/03c37375-6d98-4b9d-b7a7-e827b8132ba7/vector_storage/deleted/status.dat'
rm 'qdrant_storage/collections/ws-bcf048b37cfd0a5d/0/segments/03c37375-6d98-4b9d-b7a7-e827b8132ba7/vector_storage/vectors/chunk_0.mmap'
rm 'qdrant_storage/collections/ws-bcf048b37cfd0a5d/0/segments/03c37375-6d98-4b9d-b7a7-e827b8132ba7/vector_storage/vectors/config.json'
rm 'qdrant_storage/collections/ws-bcf048b37cfd0a5d/0/segments/03c37375-6d98-4b9d-b7a7-e827b8132ba7/vector_storage/vectors/status.dat'
rm 'qdrant_storage/collections/ws-bcf048b37cfd0a5d/0/segments/03c37375-6d98-4b9d-b7a7-e827b8132ba7/version.info'
rm 'qdrant_storage/collections/ws-bcf048b37cfd0a5d/0/segments/14993b00-fe2c-4999-b7dd-e45eeb3283ca/mutable_id_tracker.mappings'
rm 'qdrant_storage/collections/ws-bcf048b37cfd0a5d/0/segments/14993b00-fe2c-4999-b7dd-e45eeb3283ca/mutable_id_tracker.versions'
rm 'qdrant_storage/collections/ws-bcf048b37cfd0a5d/0/segments/14993b00-fe2c-4999-b7dd-e45eeb3283ca/payload_index/000019.sst'
rm 'qdrant_storage/collections/ws-bcf048b37cfd0a5d/0/segments/14993b00-fe2c-4999-b7dd-e45eeb3283ca/payload_index/000020.sst'
rm 'qdrant_storage/collections/ws-bcf048b37cfd0a5d/0/segments/14993b00-fe2c-4999-b7dd-e45eeb3283ca/payload_index/000021.log'
rm 'qdrant_storage/collections/ws-bcf048b37cfd0a5d/0/segments/14993b00-fe2c-4999-b7dd-e45eeb3283ca/payload_index/000022.sst'
rm 'qdrant_storage/collections/ws-bcf048b37cfd0a5d/0/segments/14993b00-fe2c-4999-b7dd-e45eeb3283ca/payload_index/000023.sst'
rm 'qdrant_storage/collections/ws-bcf048b37cfd0a5d/0/segments/14993b00-fe2c-4999-b7dd-e45eeb3283ca/payload_index/56bl8l41ubfjimika52mbl2i-pathsegm-null/has_values/flags_a.dat'
rm 'qdrant_storage/collections/ws-bcf048b37cfd0a5d/0/segments/14993b00-fe2c-4999-b7dd-e45eeb3283ca/payload_index/56bl8l41ubfjimika52mbl2i-pathsegm-null/has_values/status.dat'
rm 'qdrant_storage/collections/ws-bcf048b37cfd0a5d/0/segments/14993b00-fe2c-4999-b7dd-e45eeb3283ca/payload_index/56bl8l41ubfjimika52mbl2i-pathsegm-null/is_null/flags_a.dat'
rm 'qdrant_storage/collections/ws-bcf048b37cfd0a5d/0/segments/14993b00-fe2c-4999-b7dd-e45eeb3283ca/payload_index/56bl8l41ubfjimika52mbl2i-pathsegm-null/is_null/status.dat'
rm 'qdrant_storage/collections/ws-bcf048b37cfd0a5d/0/segments/14993b00-fe2c-4999-b7dd-e45eeb3283ca/payload_index/9th6eupg05k1p8f7gtk9u0pf-pathsegm-null/has_values/flags_a.dat'
rm 'qdrant_storage/collections/ws-bcf048b37cfd0a5d/0/segments/14993b00-fe2c-4999-b7dd-e45eeb3283ca/payload_index/9th6eupg05k1p8f7gtk9u0pf-pathsegm-null/has_values/status.dat'
rm 'qdrant_storage/collections/ws-bcf048b37cfd0a5d/0/segments/14993b00-fe2c-4999-b7dd-e45eeb3283ca/payload_index/9th6eupg05k1p8f7gtk9u0pf-pathsegm-null/is_null/flags_a.dat'
rm 'qdrant_storage/collections/ws-bcf048b37cfd0a5d/0/segments/14993b00-fe2c-4999-b7dd-e45eeb3283ca/payload_index/9th6eupg05k1p8f7gtk9u0pf-pathsegm-null/is_null/status.dat'
rm 'qdrant_storage/collections/ws-bcf048b37cfd0a5d/0/segments/14993b00-fe2c-4999-b7dd-e45eeb3283ca/payload_index/CURRENT'
rm 'qdrant_storage/collections/ws-bcf048b37cfd0a5d/0/segments/14993b00-fe2c-4999-b7dd-e45eeb3283ca/payload_index/IDENTITY'
rm 'qdrant_storage/collections/ws-bcf048b37cfd0a5d/0/segments/14993b00-fe2c-4999-b7dd-e45eeb3283ca/payload_index/LOCK'
rm 'qdrant_storage/collections/ws-bcf048b37cfd0a5d/0/segments/14993b00-fe2c-4999-b7dd-e45eeb3283ca/payload_index/LOG'
rm 'qdrant_storage/collections/ws-bcf048b37cfd0a5d/0/segments/14993b00-fe2c-4999-b7dd-e45eeb3283ca/payload_index/MANIFEST-000005'
rm 'qdrant_storage/collections/ws-bcf048b37cfd0a5d/0/segments/14993b00-fe2c-4999-b7dd-e45eeb3283ca/payload_index/OPTIONS-000015'
rm 'qdrant_storage/collections/ws-bcf048b37cfd0a5d/0/segments/14993b00-fe2c-4999-b7dd-e45eeb3283ca/payload_index/OPTIONS-000017'
rm 'qdrant_storage/collections/ws-bcf048b37cfd0a5d/0/segments/14993b00-fe2c-4999-b7dd-e45eeb3283ca/payload_index/av6ugl3i20mfha3ufps0dalf-pathsegm-null/has_values/flags_a.dat'
rm 'qdrant_storage/collections/ws-bcf048b37cfd0a5d/0/segments/14993b00-fe2c-4999-b7dd-e45eeb3283ca/payload_index/av6ugl3i20mfha3ufps0dalf-pathsegm-null/has_values/status.dat'
rm 'qdrant_storage/collections/ws-bcf048b37cfd0a5d/0/segments/14993b00-fe2c-4999-b7dd-e45eeb3283ca/payload_index/av6ugl3i20mfha3ufps0dalf-pathsegm-null/is_null/flags_a.dat'
rm 'qdrant_storage/collections/ws-bcf048b37cfd0a5d/0/segments/14993b00-fe2c-4999-b7dd-e45eeb3283ca/payload_index/av6ugl3i20mfha3ufps0dalf-pathsegm-null/is_null/status.dat'
rm 'qdrant_storage/collections/ws-bcf048b37cfd0a5d/0/segments/14993b00-fe2c-4999-b7dd-e45eeb3283ca/payload_index/config.json'
rm 'qdrant_storage/collections/ws-bcf048b37cfd0a5d/0/segments/14993b00-fe2c-4999-b7dd-e45eeb3283ca/payload_index/rjg14eu9hsqpsdju8btbheke-pathsegm-null/has_values/flags_a.dat'
rm 'qdrant_storage/collections/ws-bcf048b37cfd0a5d/0/segments/14993b00-fe2c-4999-b7dd-e45eeb3283ca/payload_index/rjg14eu9hsqpsdju8btbheke-pathsegm-null/has_values/status.dat'
rm 'qdrant_storage/collections/ws-bcf048b37cfd0a5d/0/segments/14993b00-fe2c-4999-b7dd-e45eeb3283ca/payload_index/rjg14eu9hsqpsdju8btbheke-pathsegm-null/is_null/flags_a.dat'
rm 'qdrant_storage/collections/ws-bcf048b37cfd0a5d/0/segments/14993b00-fe2c-4999-b7dd-e45eeb3283ca/payload_index/rjg14eu9hsqpsdju8btbheke-pathsegm-null/is_null/status.dat'
rm 'qdrant_storage/collections/ws-bcf048b37cfd0a5d/0/segments/14993b00-fe2c-4999-b7dd-e45eeb3283ca/payload_index/vpkcbc7s7vkapvs05rpao4ta-pathsegm-null/has_values/flags_a.dat'
rm 'qdrant_storage/collections/ws-bcf048b37cfd0a5d/0/segments/14993b00-fe2c-4999-b7dd-e45eeb3283ca/payload_index/vpkcbc7s7vkapvs05rpao4ta-pathsegm-null/has_values/status.dat'
rm 'qdrant_storage/collections/ws-bcf048b37cfd0a5d/0/segments/14993b00-fe2c-4999-b7dd-e45eeb3283ca/payload_index/vpkcbc7s7vkapvs05rpao4ta-pathsegm-null/is_null/flags_a.dat'
rm 'qdrant_storage/collections/ws-bcf048b37cfd0a5d/0/segments/14993b00-fe2c-4999-b7dd-e45eeb3283ca/payload_index/vpkcbc7s7vkapvs05rpao4ta-pathsegm-null/is_null/status.dat'
rm 'qdrant_storage/collections/ws-bcf048b37cfd0a5d/0/segments/14993b00-fe2c-4999-b7dd-e45eeb3283ca/payload_storage/bitmask.dat'
rm 'qdrant_storage/collections/ws-bcf048b37cfd0a5d/0/segments/14993b00-fe2c-4999-b7dd-e45eeb3283ca/payload_storage/config.json'
rm 'qdrant_storage/collections/ws-bcf048b37cfd0a5d/0/segments/14993b00-fe2c-4999-b7dd-e45eeb3283ca/payload_storage/gaps.dat'
rm 'qdrant_storage/collections/ws-bcf048b37cfd0a5d/0/segments/14993b00-fe2c-4999-b7dd-e45eeb3283ca/payload_storage/page_0.dat'
rm 'qdrant_storage/collections/ws-bcf048b37cfd0a5d/0/segments/14993b00-fe2c-4999-b7dd-e45eeb3283ca/payload_storage/tracker.dat'
rm 'qdrant_storage/collections/ws-bcf048b37cfd0a5d/0/segments/14993b00-fe2c-4999-b7dd-e45eeb3283ca/segment.json'
rm 'qdrant_storage/collections/ws-bcf048b37cfd0a5d/0/segments/14993b00-fe2c-4999-b7dd-e45eeb3283ca/vector_storage/deleted/flags_a.dat'
rm 'qdrant_storage/collections/ws-bcf048b37cfd0a5d/0/segments/14993b00-fe2c-4999-b7dd-e45eeb3283ca/vector_storage/deleted/status.dat'
rm 'qdrant_storage/collections/ws-bcf048b37cfd0a5d/0/segments/14993b00-fe2c-4999-b7dd-e45eeb3283ca/vector_storage/vectors/chunk_0.mmap'
rm 'qdrant_storage/collections/ws-bcf048b37cfd0a5d/0/segments/14993b00-fe2c-4999-b7dd-e45eeb3283ca/vector_storage/vectors/config.json'
rm 'qdrant_storage/collections/ws-bcf048b37cfd0a5d/0/segments/14993b00-fe2c-4999-b7dd-e45eeb3283ca/vector_storage/vectors/status.dat'
rm 'qdrant_storage/collections/ws-bcf048b37cfd0a5d/0/segments/14993b00-fe2c-4999-b7dd-e45eeb3283ca/version.info'
rm 'qdrant_storage/collections/ws-bcf048b37cfd0a5d/0/segments/3bbeb70c-9d0c-495e-8301-bd6b76ce0846/mutable_id_tracker.mappings'
rm 'qdrant_storage/collections/ws-bcf048b37cfd0a5d/0/segments/3bbeb70c-9d0c-495e-8301-bd6b76ce0846/mutable_id_tracker.versions'
rm 'qdrant_storage/collections/ws-bcf048b37cfd0a5d/0/segments/3bbeb70c-9d0c-495e-8301-bd6b76ce0846/payload_index/000018.log'
rm 'qdrant_storage/collections/ws-bcf048b37cfd0a5d/0/segments/3bbeb70c-9d0c-495e-8301-bd6b76ce0846/payload_index/000019.sst'
rm 'qdrant_storage/collections/ws-bcf048b37cfd0a5d/0/segments/3bbeb70c-9d0c-495e-8301-bd6b76ce0846/payload_index/000020.sst'
rm 'qdrant_storage/collections/ws-bcf048b37cfd0a5d/0/segments/3bbeb70c-9d0c-495e-8301-bd6b76ce0846/payload_index/56bl8l41ubfjimika52mbl2i-pathsegm-null/has_values/flags_a.dat'
rm 'qdrant_storage/collections/ws-bcf048b37cfd0a5d/0/segments/3bbeb70c-9d0c-495e-8301-bd6b76ce0846/payload_index/56bl8l41ubfjimika52mbl2i-pathsegm-null/has_values/status.dat'
rm 'qdrant_storage/collections/ws-bcf048b37cfd0a5d/0/segments/3bbeb70c-9d0c-495e-8301-bd6b76ce0846/payload_index/56bl8l41ubfjimika52mbl2i-pathsegm-null/is_null/flags_a.dat'
rm 'qdrant_storage/collections/ws-bcf048b37cfd0a5d/0/segments/3bbeb70c-9d0c-495e-8301-bd6b76ce0846/payload_index/56bl8l41ubfjimika52mbl2i-pathsegm-null/is_null/status.dat'
rm 'qdrant_storage/collections/ws-bcf048b37cfd0a5d/0/segments/3bbeb70c-9d0c-495e-8301-bd6b76ce0846/payload_index/9th6eupg05k1p8f7gtk9u0pf-pathsegm-null/has_values/flags_a.dat'
rm 'qdrant_storage/collections/ws-bcf048b37cfd0a5d/0/segments/3bbeb70c-9d0c-495e-8301-bd6b76ce0846/payload_index/9th6eupg05k1p8f7gtk9u0pf-pathsegm-null/has_values/status.dat'
rm 'qdrant_storage/collections/ws-bcf048b37cfd0a5d/0/segments/3bbeb70c-9d0c-495e-8301-bd6b76ce0846/payload_index/9th6eupg05k1p8f7gtk9u0pf-pathsegm-null/is_null/flags_a.dat'
rm 'qdrant_storage/collections/ws-bcf048b37cfd0a5d/0/segments/3bbeb70c-9d0c-495e-8301-bd6b76ce0846/payload_index/9th6eupg05k1p8f7gtk9u0pf-pathsegm-null/is_null/status.dat'
rm 'qdrant_storage/collections/ws-bcf048b37cfd0a5d/0/segments/3bbeb70c-9d0c-495e-8301-bd6b76ce0846/payload_index/CURRENT'
rm 'qdrant_storage/collections/ws-bcf048b37cfd0a5d/0/segments/3bbeb70c-9d0c-495e-8301-bd6b76ce0846/payload_index/IDENTITY'
rm 'qdrant_storage/collections/ws-bcf048b37cfd0a5d/0/segments/3bbeb70c-9d0c-495e-8301-bd6b76ce0846/payload_index/LOCK'
rm 'qdrant_storage/collections/ws-bcf048b37cfd0a5d/0/segments/3bbeb70c-9d0c-495e-8301-bd6b76ce0846/payload_index/LOG'
rm 'qdrant_storage/collections/ws-bcf048b37cfd0a5d/0/segments/3bbeb70c-9d0c-495e-8301-bd6b76ce0846/payload_index/MANIFEST-000005'
rm 'qdrant_storage/collections/ws-bcf048b37cfd0a5d/0/segments/3bbeb70c-9d0c-495e-8301-bd6b76ce0846/payload_index/OPTIONS-000015'
rm 'qdrant_storage/collections/ws-bcf048b37cfd0a5d/0/segments/3bbeb70c-9d0c-495e-8301-bd6b76ce0846/payload_index/OPTIONS-000017'
rm 'qdrant_storage/collections/ws-bcf048b37cfd0a5d/0/segments/3bbeb70c-9d0c-495e-8301-bd6b76ce0846/payload_index/av6ugl3i20mfha3ufps0dalf-pathsegm-null/has_values/flags_a.dat'
rm 'qdrant_storage/collections/ws-bcf048b37cfd0a5d/0/segments/3bbeb70c-9d0c-495e-8301-bd6b76ce0846/payload_index/av6ugl3i20mfha3ufps0dalf-pathsegm-null/has_values/status.dat'
rm 'qdrant_storage/collections/ws-bcf048b37cfd0a5d/0/segments/3bbeb70c-9d0c-495e-8301-bd6b76ce0846/payload_index/av6ugl3i20mfha3ufps0dalf-pathsegm-null/is_null/flags_a.dat'
rm 'qdrant_storage/collections/ws-bcf048b37cfd0a5d/0/segments/3bbeb70c-9d0c-495e-8301-bd6b76ce0846/payload_index/av6ugl3i20mfha3ufps0dalf-pathsegm-null/is_null/status.dat'
rm 'qdrant_storage/collections/ws-bcf048b37cfd0a5d/0/segments/3bbeb70c-9d0c-495e-8301-bd6b76ce0846/payload_index/config.json'
rm 'qdrant_storage/collections/ws-bcf048b37cfd0a5d/0/segments/3bbeb70c-9d0c-495e-8301-bd6b76ce0846/payload_index/rjg14eu9hsqpsdju8btbheke-pathsegm-null/has_values/flags_a.dat'
rm 'qdrant_storage/collections/ws-bcf048b37cfd0a5d/0/segments/3bbeb70c-9d0c-495e-8301-bd6b76ce0846/payload_index/rjg14eu9hsqpsdju8btbheke-pathsegm-null/has_values/status.dat'
rm 'qdrant_storage/collections/ws-bcf048b37cfd0a5d/0/segments/3bbeb70c-9d0c-495e-8301-bd6b76ce0846/payload_index/rjg14eu9hsqpsdju8btbheke-pathsegm-null/is_null/flags_a.dat'
rm 'qdrant_storage/collections/ws-bcf048b37cfd0a5d/0/segments/3bbeb70c-9d0c-495e-8301-bd6b76ce0846/payload_index/rjg14eu9hsqpsdju8btbheke-pathsegm-null/is_null/status.dat'
rm 'qdrant_storage/collections/ws-bcf048b37cfd0a5d/0/segments/3bbeb70c-9d0c-495e-8301-bd6b76ce0846/payload_index/vpkcbc7s7vkapvs05rpao4ta-pathsegm-null/has_values/flags_a.dat'
rm 'qdrant_storage/collections/ws-bcf048b37cfd0a5d/0/segments/3bbeb70c-9d0c-495e-8301-bd6b76ce0846/payload_index/vpkcbc7s7vkapvs05rpao4ta-pathsegm-null/has_values/status.dat'
rm 'qdrant_storage/collections/ws-bcf048b37cfd0a5d/0/segments/3bbeb70c-9d0c-495e-8301-bd6b76ce0846/payload_index/vpkcbc7s7vkapvs05rpao4ta-pathsegm-null/is_null/flags_a.dat'
rm 'qdrant_storage/collections/ws-bcf048b37cfd0a5d/0/segments/3bbeb70c-9d0c-495e-8301-bd6b76ce0846/payload_index/vpkcbc7s7vkapvs05rpao4ta-pathsegm-null/is_null/status.dat'
rm 'qdrant_storage/collections/ws-bcf048b37cfd0a5d/0/segments/3bbeb70c-9d0c-495e-8301-bd6b76ce0846/payload_storage/bitmask.dat'
rm 'qdrant_storage/collections/ws-bcf048b37cfd0a5d/0/segments/3bbeb70c-9d0c-495e-8301-bd6b76ce0846/payload_storage/config.json'
rm 'qdrant_storage/collections/ws-bcf048b37cfd0a5d/0/segments/3bbeb70c-9d0c-495e-8301-bd6b76ce0846/payload_storage/gaps.dat'
rm 'qdrant_storage/collections/ws-bcf048b37cfd0a5d/0/segments/3bbeb70c-9d0c-495e-8301-bd6b76ce0846/payload_storage/page_0.dat'
rm 'qdrant_storage/collections/ws-bcf048b37cfd0a5d/0/segments/3bbeb70c-9d0c-495e-8301-bd6b76ce0846/payload_storage/tracker.dat'
rm 'qdrant_storage/collections/ws-bcf048b37cfd0a5d/0/segments/3bbeb70c-9d0c-495e-8301-bd6b76ce0846/segment.json'
rm 'qdrant_storage/collections/ws-bcf048b37cfd0a5d/0/segments/3bbeb70c-9d0c-495e-8301-bd6b76ce0846/vector_storage/deleted/flags_a.dat'
rm 'qdrant_storage/collections/ws-bcf048b37cfd0a5d/0/segments/3bbeb70c-9d0c-495e-8301-bd6b76ce0846/vector_storage/deleted/status.dat'
rm 'qdrant_storage/collections/ws-bcf048b37cfd0a5d/0/segments/3bbeb70c-9d0c-495e-8301-bd6b76ce0846/vector_storage/vectors/chunk_0.mmap'
rm 'qdrant_storage/collections/ws-bcf048b37cfd0a5d/0/segments/3bbeb70c-9d0c-495e-8301-bd6b76ce0846/vector_storage/vectors/config.json'
rm 'qdrant_storage/collections/ws-bcf048b37cfd0a5d/0/segments/3bbeb70c-9d0c-495e-8301-bd6b76ce0846/vector_storage/vectors/status.dat'
rm 'qdrant_storage/collections/ws-bcf048b37cfd0a5d/0/segments/3bbeb70c-9d0c-495e-8301-bd6b76ce0846/version.info'
rm 'qdrant_storage/collections/ws-bcf048b37cfd0a5d/0/segments/4b6330f2-8839-4859-9e78-5343d76d228a/mutable_id_tracker.mappings'
rm 'qdrant_storage/collections/ws-bcf048b37cfd0a5d/0/segments/4b6330f2-8839-4859-9e78-5343d76d228a/mutable_id_tracker.versions'
rm 'qdrant_storage/collections/ws-bcf048b37cfd0a5d/0/segments/4b6330f2-8839-4859-9e78-5343d76d228a/payload_index/000018.log'
rm 'qdrant_storage/collections/ws-bcf048b37cfd0a5d/0/segments/4b6330f2-8839-4859-9e78-5343d76d228a/payload_index/000019.sst'
rm 'qdrant_storage/collections/ws-bcf048b37cfd0a5d/0/segments/4b6330f2-8839-4859-9e78-5343d76d228a/payload_index/000020.sst'
rm 'qdrant_storage/collections/ws-bcf048b37cfd0a5d/0/segments/4b6330f2-8839-4859-9e78-5343d76d228a/payload_index/000021.sst'
rm 'qdrant_storage/collections/ws-bcf048b37cfd0a5d/0/segments/4b6330f2-8839-4859-9e78-5343d76d228a/payload_index/000022.sst'
rm 'qdrant_storage/collections/ws-bcf048b37cfd0a5d/0/segments/4b6330f2-8839-4859-9e78-5343d76d228a/payload_index/56bl8l41ubfjimika52mbl2i-pathsegm-null/has_values/flags_a.dat'
rm 'qdrant_storage/collections/ws-bcf048b37cfd0a5d/0/segments/4b6330f2-8839-4859-9e78-5343d76d228a/payload_index/56bl8l41ubfjimika52mbl2i-pathsegm-null/has_values/status.dat'
rm 'qdrant_storage/collections/ws-bcf048b37cfd0a5d/0/segments/4b6330f2-8839-4859-9e78-5343d76d228a/payload_index/56bl8l41ubfjimika52mbl2i-pathsegm-null/is_null/flags_a.dat'
rm 'qdrant_storage/collections/ws-bcf048b37cfd0a5d/0/segments/4b6330f2-8839-4859-9e78-5343d76d228a/payload_index/56bl8l41ubfjimika52mbl2i-pathsegm-null/is_null/status.dat'
rm 'qdrant_storage/collections/ws-bcf048b37cfd0a5d/0/segments/4b6330f2-8839-4859-9e78-5343d76d228a/payload_index/9th6eupg05k1p8f7gtk9u0pf-pathsegm-null/has_values/flags_a.dat'
rm 'qdrant_storage/collections/ws-bcf048b37cfd0a5d/0/segments/4b6330f2-8839-4859-9e78-5343d76d228a/payload_index/9th6eupg05k1p8f7gtk9u0pf-pathsegm-null/has_values/status.dat'
rm 'qdrant_storage/collections/ws-bcf048b37cfd0a5d/0/segments/4b6330f2-8839-4859-9e78-5343d76d228a/payload_index/9th6eupg05k1p8f7gtk9u0pf-pathsegm-null/is_null/flags_a.dat'
rm 'qdrant_storage/collections/ws-bcf048b37cfd0a5d/0/segments/4b6330f2-8839-4859-9e78-5343d76d228a/payload_index/9th6eupg05k1p8f7gtk9u0pf-pathsegm-null/is_null/status.dat'
rm 'qdrant_storage/collections/ws-bcf048b37cfd0a5d/0/segments/4b6330f2-8839-4859-9e78-5343d76d228a/payload_index/CURRENT'
rm 'qdrant_storage/collections/ws-bcf048b37cfd0a5d/0/segments/4b6330f2-8839-4859-9e78-5343d76d228a/payload_index/IDENTITY'
rm 'qdrant_storage/collections/ws-bcf048b37cfd0a5d/0/segments/4b6330f2-8839-4859-9e78-5343d76d228a/payload_index/LOCK'
rm 'qdrant_storage/collections/ws-bcf048b37cfd0a5d/0/segments/4b6330f2-8839-4859-9e78-5343d76d228a/payload_index/LOG'
rm 'qdrant_storage/collections/ws-bcf048b37cfd0a5d/0/segments/4b6330f2-8839-4859-9e78-5343d76d228a/payload_index/MANIFEST-000005'
rm 'qdrant_storage/collections/ws-bcf048b37cfd0a5d/0/segments/4b6330f2-8839-4859-9e78-5343d76d228a/payload_index/OPTIONS-000015'
rm 'qdrant_storage/collections/ws-bcf048b37cfd0a5d/0/segments/4b6330f2-8839-4859-9e78-5343d76d228a/payload_index/OPTIONS-000017'
rm 'qdrant_storage/collections/ws-bcf048b37cfd0a5d/0/segments/4b6330f2-8839-4859-9e78-5343d76d228a/payload_index/av6ugl3i20mfha3ufps0dalf-pathsegm-null/has_values/flags_a.dat'
rm 'qdrant_storage/collections/ws-bcf048b37cfd0a5d/0/segments/4b6330f2-8839-4859-9e78-5343d76d228a/payload_index/av6ugl3i20mfha3ufps0dalf-pathsegm-null/has_values/status.dat'
rm 'qdrant_storage/collections/ws-bcf048b37cfd0a5d/0/segments/4b6330f2-8839-4859-9e78-5343d76d228a/payload_index/av6ugl3i20mfha3ufps0dalf-pathsegm-null/is_null/flags_a.dat'
rm 'qdrant_storage/collections/ws-bcf048b37cfd0a5d/0/segments/4b6330f2-8839-4859-9e78-5343d76d228a/payload_index/av6ugl3i20mfha3ufps0dalf-pathsegm-null/is_null/status.dat'
rm 'qdrant_storage/collections/ws-bcf048b37cfd0a5d/0/segments/4b6330f2-8839-4859-9e78-5343d76d228a/payload_index/config.json'
rm 'qdrant_storage/collections/ws-bcf048b37cfd0a5d/0/segments/4b6330f2-8839-4859-9e78-5343d76d228a/payload_index/rjg14eu9hsqpsdju8btbheke-pathsegm-null/has_values/flags_a.dat'
rm 'qdrant_storage/collections/ws-bcf048b37cfd0a5d/0/segments/4b6330f2-8839-4859-9e78-5343d76d228a/payload_index/rjg14eu9hsqpsdju8btbheke-pathsegm-null/has_values/status.dat'
rm 'qdrant_storage/collections/ws-bcf048b37cfd0a5d/0/segments/4b6330f2-8839-4859-9e78-5343d76d228a/payload_index/rjg14eu9hsqpsdju8btbheke-pathsegm-null/is_null/flags_a.dat'
rm 'qdrant_storage/collections/ws-bcf048b37cfd0a5d/0/segments/4b6330f2-8839-4859-9e78-5343d76d228a/payload_index/rjg14eu9hsqpsdju8btbheke-pathsegm-null/is_null/status.dat'
rm 'qdrant_storage/collections/ws-bcf048b37cfd0a5d/0/segments/4b6330f2-8839-4859-9e78-5343d76d228a/payload_index/vpkcbc7s7vkapvs05rpao4ta-pathsegm-null/has_values/flags_a.dat'
rm 'qdrant_storage/collections/ws-bcf048b37cfd0a5d/0/segments/4b6330f2-8839-4859-9e78-5343d76d228a/payload_index/vpkcbc7s7vkapvs05rpao4ta-pathsegm-null/has_values/status.dat'
rm 'qdrant_storage/collections/ws-bcf048b37cfd0a5d/0/segments/4b6330f2-8839-4859-9e78-5343d76d228a/payload_index/vpkcbc7s7vkapvs05rpao4ta-pathsegm-null/is_null/flags_a.dat'
rm 'qdrant_storage/collections/ws-bcf048b37cfd0a5d/0/segments/4b6330f2-8839-4859-9e78-5343d76d228a/payload_index/vpkcbc7s7vkapvs05rpao4ta-pathsegm-null/is_null/status.dat'
rm 'qdrant_storage/collections/ws-bcf048b37cfd0a5d/0/segments/4b6330f2-8839-4859-9e78-5343d76d228a/payload_storage/bitmask.dat'
rm 'qdrant_storage/collections/ws-bcf048b37cfd0a5d/0/segments/4b6330f2-8839-4859-9e78-5343d76d228a/payload_storage/config.json'
rm 'qdrant_storage/collections/ws-bcf048b37cfd0a5d/0/segments/4b6330f2-8839-4859-9e78-5343d76d228a/payload_storage/gaps.dat'
rm 'qdrant_storage/collections/ws-bcf048b37cfd0a5d/0/segments/4b6330f2-8839-4859-9e78-5343d76d228a/payload_storage/page_0.dat'
rm 'qdrant_storage/collections/ws-bcf048b37cfd0a5d/0/segments/4b6330f2-8839-4859-9e78-5343d76d228a/payload_storage/tracker.dat'
rm 'qdrant_storage/collections/ws-bcf048b37cfd0a5d/0/segments/4b6330f2-8839-4859-9e78-5343d76d228a/segment.json'
rm 'qdrant_storage/collections/ws-bcf048b37cfd0a5d/0/segments/4b6330f2-8839-4859-9e78-5343d76d228a/vector_storage/deleted/flags_a.dat'
rm 'qdrant_storage/collections/ws-bcf048b37cfd0a5d/0/segments/4b6330f2-8839-4859-9e78-5343d76d228a/vector_storage/deleted/status.dat'
rm 'qdrant_storage/collections/ws-bcf048b37cfd0a5d/0/segments/4b6330f2-8839-4859-9e78-5343d76d228a/vector_storage/vectors/chunk_0.mmap'
rm 'qdrant_storage/collections/ws-bcf048b37cfd0a5d/0/segments/4b6330f2-8839-4859-9e78-5343d76d228a/vector_storage/vectors/config.json'
rm 'qdrant_storage/collections/ws-bcf048b37cfd0a5d/0/segments/4b6330f2-8839-4859-9e78-5343d76d228a/vector_storage/vectors/status.dat'
rm 'qdrant_storage/collections/ws-bcf048b37cfd0a5d/0/segments/4b6330f2-8839-4859-9e78-5343d76d228a/version.info'
rm 'qdrant_storage/collections/ws-bcf048b37cfd0a5d/0/segments/521bc366-cf1c-4bc6-b76a-4810af702a4f/mutable_id_tracker.mappings'
rm 'qdrant_storage/collections/ws-bcf048b37cfd0a5d/0/segments/521bc366-cf1c-4bc6-b76a-4810af702a4f/mutable_id_tracker.versions'
rm 'qdrant_storage/collections/ws-bcf048b37cfd0a5d/0/segments/521bc366-cf1c-4bc6-b76a-4810af702a4f/payload_index/000019.sst'
rm 'qdrant_storage/collections/ws-bcf048b37cfd0a5d/0/segments/521bc366-cf1c-4bc6-b76a-4810af702a4f/payload_index/000020.sst'
rm 'qdrant_storage/collections/ws-bcf048b37cfd0a5d/0/segments/521bc366-cf1c-4bc6-b76a-4810af702a4f/payload_index/000021.log'
rm 'qdrant_storage/collections/ws-bcf048b37cfd0a5d/0/segments/521bc366-cf1c-4bc6-b76a-4810af702a4f/payload_index/000022.sst'
rm 'qdrant_storage/collections/ws-bcf048b37cfd0a5d/0/segments/521bc366-cf1c-4bc6-b76a-4810af702a4f/payload_index/000023.sst'
rm 'qdrant_storage/collections/ws-bcf048b37cfd0a5d/0/segments/521bc366-cf1c-4bc6-b76a-4810af702a4f/payload_index/56bl8l41ubfjimika52mbl2i-pathsegm-null/has_values/flags_a.dat'
rm 'qdrant_storage/collections/ws-bcf048b37cfd0a5d/0/segments/521bc366-cf1c-4bc6-b76a-4810af702a4f/payload_index/56bl8l41ubfjimika52mbl2i-pathsegm-null/has_values/status.dat'
rm 'qdrant_storage/collections/ws-bcf048b37cfd0a5d/0/segments/521bc366-cf1c-4bc6-b76a-4810af702a4f/payload_index/56bl8l41ubfjimika52mbl2i-pathsegm-null/is_null/flags_a.dat'
rm 'qdrant_storage/collections/ws-bcf048b37cfd0a5d/0/segments/521bc366-cf1c-4bc6-b76a-4810af702a4f/payload_index/56bl8l41ubfjimika52mbl2i-pathsegm-null/is_null/status.dat'
rm 'qdrant_storage/collections/ws-bcf048b37cfd0a5d/0/segments/521bc366-cf1c-4bc6-b76a-4810af702a4f/payload_index/9th6eupg05k1p8f7gtk9u0pf-pathsegm-null/has_values/flags_a.dat'
rm 'qdrant_storage/collections/ws-bcf048b37cfd0a5d/0/segments/521bc366-cf1c-4bc6-b76a-4810af702a4f/payload_index/9th6eupg05k1p8f7gtk9u0pf-pathsegm-null/has_values/status.dat'
rm 'qdrant_storage/collections/ws-bcf048b37cfd0a5d/0/segments/521bc366-cf1c-4bc6-b76a-4810af702a4f/payload_index/9th6eupg05k1p8f7gtk9u0pf-pathsegm-null/is_null/flags_a.dat'
rm 'qdrant_storage/collections/ws-bcf048b37cfd0a5d/0/segments/521bc366-cf1c-4bc6-b76a-4810af702a4f/payload_index/9th6eupg05k1p8f7gtk9u0pf-pathsegm-null/is_null/status.dat'
rm 'qdrant_storage/collections/ws-bcf048b37cfd0a5d/0/segments/521bc366-cf1c-4bc6-b76a-4810af702a4f/payload_index/CURRENT'
rm 'qdrant_storage/collections/ws-bcf048b37cfd0a5d/0/segments/521bc366-cf1c-4bc6-b76a-4810af702a4f/payload_index/IDENTITY'
rm 'qdrant_storage/collections/ws-bcf048b37cfd0a5d/0/segments/521bc366-cf1c-4bc6-b76a-4810af702a4f/payload_index/LOCK'
rm 'qdrant_storage/collections/ws-bcf048b37cfd0a5d/0/segments/521bc366-cf1c-4bc6-b76a-4810af702a4f/payload_index/LOG'
rm 'qdrant_storage/collections/ws-bcf048b37cfd0a5d/0/segments/521bc366-cf1c-4bc6-b76a-4810af702a4f/payload_index/MANIFEST-000005'
rm 'qdrant_storage/collections/ws-bcf048b37cfd0a5d/0/segments/521bc366-cf1c-4bc6-b76a-4810af702a4f/payload_index/OPTIONS-000015'
rm 'qdrant_storage/collections/ws-bcf048b37cfd0a5d/0/segments/521bc366-cf1c-4bc6-b76a-4810af702a4f/payload_index/OPTIONS-000017'
rm 'qdrant_storage/collections/ws-bcf048b37cfd0a5d/0/segments/521bc366-cf1c-4bc6-b76a-4810af702a4f/payload_index/av6ugl3i20mfha3ufps0dalf-pathsegm-null/has_values/flags_a.dat'
rm 'qdrant_storage/collections/ws-bcf048b37cfd0a5d/0/segments/521bc366-cf1c-4bc6-b76a-4810af702a4f/payload_index/av6ugl3i20mfha3ufps0dalf-pathsegm-null/has_values/status.dat'
rm 'qdrant_storage/collections/ws-bcf048b37cfd0a5d/0/segments/521bc366-cf1c-4bc6-b76a-4810af702a4f/payload_index/av6ugl3i20mfha3ufps0dalf-pathsegm-null/is_null/flags_a.dat'
rm 'qdrant_storage/collections/ws-bcf048b37cfd0a5d/0/segments/521bc366-cf1c-4bc6-b76a-4810af702a4f/payload_index/av6ugl3i20mfha3ufps0dalf-pathsegm-null/is_null/status.dat'
rm 'qdrant_storage/collections/ws-bcf048b37cfd0a5d/0/segments/521bc366-cf1c-4bc6-b76a-4810af702a4f/payload_index/config.json'
rm 'qdrant_storage/collections/ws-bcf048b37cfd0a5d/0/segments/521bc366-cf1c-4bc6-b76a-4810af702a4f/payload_index/rjg14eu9hsqpsdju8btbheke-pathsegm-null/has_values/flags_a.dat'
rm 'qdrant_storage/collections/ws-bcf048b37cfd0a5d/0/segments/521bc366-cf1c-4bc6-b76a-4810af702a4f/payload_index/rjg14eu9hsqpsdju8btbheke-pathsegm-null/has_values/status.dat'
rm 'qdrant_storage/collections/ws-bcf048b37cfd0a5d/0/segments/521bc366-cf1c-4bc6-b76a-4810af702a4f/payload_index/rjg14eu9hsqpsdju8btbheke-pathsegm-null/is_null/flags_a.dat'
rm 'qdrant_storage/collections/ws-bcf048b37cfd0a5d/0/segments/521bc366-cf1c-4bc6-b76a-4810af702a4f/payload_index/rjg14eu9hsqpsdju8btbheke-pathsegm-null/is_null/status.dat'
rm 'qdrant_storage/collections/ws-bcf048b37cfd0a5d/0/segments/521bc366-cf1c-4bc6-b76a-4810af702a4f/payload_index/vpkcbc7s7vkapvs05rpao4ta-pathsegm-null/has_values/flags_a.dat'
rm 'qdrant_storage/collections/ws-bcf048b37cfd0a5d/0/segments/521bc366-cf1c-4bc6-b76a-4810af702a4f/payload_index/vpkcbc7s7vkapvs05rpao4ta-pathsegm-null/has_values/status.dat'
rm 'qdrant_storage/collections/ws-bcf048b37cfd0a5d/0/segments/521bc366-cf1c-4bc6-b76a-4810af702a4f/payload_index/vpkcbc7s7vkapvs05rpao4ta-pathsegm-null/is_null/flags_a.dat'
rm 'qdrant_storage/collections/ws-bcf048b37cfd0a5d/0/segments/521bc366-cf1c-4bc6-b76a-4810af702a4f/payload_index/vpkcbc7s7vkapvs05rpao4ta-pathsegm-null/is_null/status.dat'
rm 'qdrant_storage/collections/ws-bcf048b37cfd0a5d/0/segments/521bc366-cf1c-4bc6-b76a-4810af702a4f/payload_storage/bitmask.dat'
rm 'qdrant_storage/collections/ws-bcf048b37cfd0a5d/0/segments/521bc366-cf1c-4bc6-b76a-4810af702a4f/payload_storage/config.json'
rm 'qdrant_storage/collections/ws-bcf048b37cfd0a5d/0/segments/521bc366-cf1c-4bc6-b76a-4810af702a4f/payload_storage/gaps.dat'
rm 'qdrant_storage/collections/ws-bcf048b37cfd0a5d/0/segments/521bc366-cf1c-4bc6-b76a-4810af702a4f/payload_storage/page_0.dat'
rm 'qdrant_storage/collections/ws-bcf048b37cfd0a5d/0/segments/521bc366-cf1c-4bc6-b76a-4810af702a4f/payload_storage/tracker.dat'
rm 'qdrant_storage/collections/ws-bcf048b37cfd0a5d/0/segments/521bc366-cf1c-4bc6-b76a-4810af702a4f/segment.json'
rm 'qdrant_storage/collections/ws-bcf048b37cfd0a5d/0/segments/521bc366-cf1c-4bc6-b76a-4810af702a4f/vector_storage/deleted/flags_a.dat'
rm 'qdrant_storage/collections/ws-bcf048b37cfd0a5d/0/segments/521bc366-cf1c-4bc6-b76a-4810af702a4f/vector_storage/deleted/status.dat'
rm 'qdrant_storage/collections/ws-bcf048b37cfd0a5d/0/segments/521bc366-cf1c-4bc6-b76a-4810af702a4f/vector_storage/vectors/chunk_0.mmap'
rm 'qdrant_storage/collections/ws-bcf048b37cfd0a5d/0/segments/521bc366-cf1c-4bc6-b76a-4810af702a4f/vector_storage/vectors/config.json'
rm 'qdrant_storage/collections/ws-bcf048b37cfd0a5d/0/segments/521bc366-cf1c-4bc6-b76a-4810af702a4f/vector_storage/vectors/status.dat'
rm 'qdrant_storage/collections/ws-bcf048b37cfd0a5d/0/segments/521bc366-cf1c-4bc6-b76a-4810af702a4f/version.info'
rm 'qdrant_storage/collections/ws-bcf048b37cfd0a5d/0/segments/d550b874-6a13-464e-ae9a-8f142b316182/mutable_id_tracker.mappings'
rm 'qdrant_storage/collections/ws-bcf048b37cfd0a5d/0/segments/d550b874-6a13-464e-ae9a-8f142b316182/mutable_id_tracker.versions'
rm 'qdrant_storage/collections/ws-bcf048b37cfd0a5d/0/segments/d550b874-6a13-464e-ae9a-8f142b316182/payload_index/000018.log'
rm 'qdrant_storage/collections/ws-bcf048b37cfd0a5d/0/segments/d550b874-6a13-464e-ae9a-8f142b316182/payload_index/000019.sst'
rm 'qdrant_storage/collections/ws-bcf048b37cfd0a5d/0/segments/d550b874-6a13-464e-ae9a-8f142b316182/payload_index/000020.sst'
rm 'qdrant_storage/collections/ws-bcf048b37cfd0a5d/0/segments/d550b874-6a13-464e-ae9a-8f142b316182/payload_index/56bl8l41ubfjimika52mbl2i-pathsegm-null/has_values/flags_a.dat'
rm 'qdrant_storage/collections/ws-bcf048b37cfd0a5d/0/segments/d550b874-6a13-464e-ae9a-8f142b316182/payload_index/56bl8l41ubfjimika52mbl2i-pathsegm-null/has_values/status.dat'
rm 'qdrant_storage/collections/ws-bcf048b37cfd0a5d/0/segments/d550b874-6a13-464e-ae9a-8f142b316182/payload_index/56bl8l41ubfjimika52mbl2i-pathsegm-null/is_null/flags_a.dat'
rm 'qdrant_storage/collections/ws-bcf048b37cfd0a5d/0/segments/d550b874-6a13-464e-ae9a-8f142b316182/payload_index/56bl8l41ubfjimika52mbl2i-pathsegm-null/is_null/status.dat'
rm 'qdrant_storage/collections/ws-bcf048b37cfd0a5d/0/segments/d550b874-6a13-464e-ae9a-8f142b316182/payload_index/9th6eupg05k1p8f7gtk9u0pf-pathsegm-null/has_values/flags_a.dat'
rm 'qdrant_storage/collections/ws-bcf048b37cfd0a5d/0/segments/d550b874-6a13-464e-ae9a-8f142b316182/payload_index/9th6eupg05k1p8f7gtk9u0pf-pathsegm-null/has_values/status.dat'
rm 'qdrant_storage/collections/ws-bcf048b37cfd0a5d/0/segments/d550b874-6a13-464e-ae9a-8f142b316182/payload_index/9th6eupg05k1p8f7gtk9u0pf-pathsegm-null/is_null/flags_a.dat'
rm 'qdrant_storage/collections/ws-bcf048b37cfd0a5d/0/segments/d550b874-6a13-464e-ae9a-8f142b316182/payload_index/9th6eupg05k1p8f7gtk9u0pf-pathsegm-null/is_null/status.dat'
rm 'qdrant_storage/collections/ws-bcf048b37cfd0a5d/0/segments/d550b874-6a13-464e-ae9a-8f142b316182/payload_index/CURRENT'
rm 'qdrant_storage/collections/ws-bcf048b37cfd0a5d/0/segments/d550b874-6a13-464e-ae9a-8f142b316182/payload_index/IDENTITY'
rm 'qdrant_storage/collections/ws-bcf048b37cfd0a5d/0/segments/d550b874-6a13-464e-ae9a-8f142b316182/payload_index/LOCK'
rm 'qdrant_storage/collections/ws-bcf048b37cfd0a5d/0/segments/d550b874-6a13-464e-ae9a-8f142b316182/payload_index/LOG'
rm 'qdrant_storage/collections/ws-bcf048b37cfd0a5d/0/segments/d550b874-6a13-464e-ae9a-8f142b316182/payload_index/MANIFEST-000005'
rm 'qdrant_storage/collections/ws-bcf048b37cfd0a5d/0/segments/d550b874-6a13-464e-ae9a-8f142b316182/payload_index/OPTIONS-000015'
rm 'qdrant_storage/collections/ws-bcf048b37cfd0a5d/0/segments/d550b874-6a13-464e-ae9a-8f142b316182/payload_index/OPTIONS-000017'
rm 'qdrant_storage/collections/ws-bcf048b37cfd0a5d/0/segments/d550b874-6a13-464e-ae9a-8f142b316182/payload_index/av6ugl3i20mfha3ufps0dalf-pathsegm-null/has_values/flags_a.dat'
rm 'qdrant_storage/collections/ws-bcf048b37cfd0a5d/0/segments/d550b874-6a13-464e-ae9a-8f142b316182/payload_index/av6ugl3i20mfha3ufps0dalf-pathsegm-null/has_values/status.dat'
rm 'qdrant_storage/collections/ws-bcf048b37cfd0a5d/0/segments/d550b874-6a13-464e-ae9a-8f142b316182/payload_index/av6ugl3i20mfha3ufps0dalf-pathsegm-null/is_null/flags_a.dat'
rm 'qdrant_storage/collections/ws-bcf048b37cfd0a5d/0/segments/d550b874-6a13-464e-ae9a-8f142b316182/payload_index/av6ugl3i20mfha3ufps0dalf-pathsegm-null/is_null/status.dat'
rm 'qdrant_storage/collections/ws-bcf048b37cfd0a5d/0/segments/d550b874-6a13-464e-ae9a-8f142b316182/payload_index/config.json'
rm 'qdrant_storage/collections/ws-bcf048b37cfd0a5d/0/segments/d550b874-6a13-464e-ae9a-8f142b316182/payload_index/rjg14eu9hsqpsdju8btbheke-pathsegm-null/has_values/flags_a.dat'
rm 'qdrant_storage/collections/ws-bcf048b37cfd0a5d/0/segments/d550b874-6a13-464e-ae9a-8f142b316182/payload_index/rjg14eu9hsqpsdju8btbheke-pathsegm-null/has_values/status.dat'
rm 'qdrant_storage/collections/ws-bcf048b37cfd0a5d/0/segments/d550b874-6a13-464e-ae9a-8f142b316182/payload_index/rjg14eu9hsqpsdju8btbheke-pathsegm-null/is_null/flags_a.dat'
rm 'qdrant_storage/collections/ws-bcf048b37cfd0a5d/0/segments/d550b874-6a13-464e-ae9a-8f142b316182/payload_index/rjg14eu9hsqpsdju8btbheke-pathsegm-null/is_null/status.dat'
rm 'qdrant_storage/collections/ws-bcf048b37cfd0a5d/0/segments/d550b874-6a13-464e-ae9a-8f142b316182/payload_index/vpkcbc7s7vkapvs05rpao4ta-pathsegm-null/has_values/flags_a.dat'
rm 'qdrant_storage/collections/ws-bcf048b37cfd0a5d/0/segments/d550b874-6a13-464e-ae9a-8f142b316182/payload_index/vpkcbc7s7vkapvs05rpao4ta-pathsegm-null/has_values/status.dat'
rm 'qdrant_storage/collections/ws-bcf048b37cfd0a5d/0/segments/d550b874-6a13-464e-ae9a-8f142b316182/payload_index/vpkcbc7s7vkapvs05rpao4ta-pathsegm-null/is_null/flags_a.dat'
rm 'qdrant_storage/collections/ws-bcf048b37cfd0a5d/0/segments/d550b874-6a13-464e-ae9a-8f142b316182/payload_index/vpkcbc7s7vkapvs05rpao4ta-pathsegm-null/is_null/status.dat'
rm 'qdrant_storage/collections/ws-bcf048b37cfd0a5d/0/segments/d550b874-6a13-464e-ae9a-8f142b316182/payload_storage/bitmask.dat'
rm 'qdrant_storage/collections/ws-bcf048b37cfd0a5d/0/segments/d550b874-6a13-464e-ae9a-8f142b316182/payload_storage/config.json'
rm 'qdrant_storage/collections/ws-bcf048b37cfd0a5d/0/segments/d550b874-6a13-464e-ae9a-8f142b316182/payload_storage/gaps.dat'
rm 'qdrant_storage/collections/ws-bcf048b37cfd0a5d/0/segments/d550b874-6a13-464e-ae9a-8f142b316182/payload_storage/page_0.dat'
rm 'qdrant_storage/collections/ws-bcf048b37cfd0a5d/0/segments/d550b874-6a13-464e-ae9a-8f142b316182/payload_storage/tracker.dat'
rm 'qdrant_storage/collections/ws-bcf048b37cfd0a5d/0/segments/d550b874-6a13-464e-ae9a-8f142b316182/segment.json'
rm 'qdrant_storage/collections/ws-bcf048b37cfd0a5d/0/segments/d550b874-6a13-464e-ae9a-8f142b316182/vector_storage/deleted/flags_a.dat'
rm 'qdrant_storage/collections/ws-bcf048b37cfd0a5d/0/segments/d550b874-6a13-464e-ae9a-8f142b316182/vector_storage/deleted/status.dat'
rm 'qdrant_storage/collections/ws-bcf048b37cfd0a5d/0/segments/d550b874-6a13-464e-ae9a-8f142b316182/vector_storage/vectors/chunk_0.mmap'
rm 'qdrant_storage/collections/ws-bcf048b37cfd0a5d/0/segments/d550b874-6a13-464e-ae9a-8f142b316182/vector_storage/vectors/config.json'
rm 'qdrant_storage/collections/ws-bcf048b37cfd0a5d/0/segments/d550b874-6a13-464e-ae9a-8f142b316182/vector_storage/vectors/status.dat'
rm 'qdrant_storage/collections/ws-bcf048b37cfd0a5d/0/segments/d550b874-6a13-464e-ae9a-8f142b316182/version.info'
rm 'qdrant_storage/collections/ws-bcf048b37cfd0a5d/0/shard_config.json'
rm 'qdrant_storage/collections/ws-bcf048b37cfd0a5d/0/wal/first-index'
rm 'qdrant_storage/collections/ws-bcf048b37cfd0a5d/0/wal/open-1'
rm 'qdrant_storage/collections/ws-bcf048b37cfd0a5d/0/wal/open-2'
rm 'qdrant_storage/collections/ws-bcf048b37cfd0a5d/config.json'
rm 'qdrant_storage/collections/ws-bcf048b37cfd0a5d/payload_index.json'
rm 'qdrant_storage/collections/ws-bcf048b37cfd0a5d/shard_key_mapping.json'
rm 'qdrant_storage/collections/ws-bcf048b37cfd0a5d/version.info'
rm 'qdrant_storage/raft_state.json'
