[APPLIED] header timestamp -> 2025-08-08T16:34:14Z
$ git fetch --all
[rc=0]


$ git pull --rebase --autostash
[rc=0]
Already up to date.

[ROADMAP] updating auto-block
$ gh label create priority/P0 -R g0udurix/LRN --color b60205 --description Blocker
[rc=1]

label with name "priority/P0" already exists; use `--force` to update its color and description
$ gh label create priority/P1 -R g0udurix/LRN --color d73a4a --description High
[rc=1]

label with name "priority/P1" already exists; use `--force` to update its color and description
$ gh label create priority/P2 -R g0udurix/LRN --color fbca04 --description Normal
[rc=1]

label with name "priority/P2" already exists; use `--force` to update its color and description
$ gh label create area/extractor -R g0udurix/LRN --color 1d76db --description Ingestion & crawling
[rc=1]

label with name "area/extractor" already exists; use `--force` to update its color and description
$ gh label create area/schema -R g0udurix/LRN --color 1d76db --description Database schema/migrations
[rc=1]

label with name "area/schema" already exists; use `--force` to update its color and description
$ gh label create area/standards -R g0udurix/LRN --color 1d76db --description Standards mapping
[rc=1]

label with name "area/standards" already exists; use `--force` to update its color and description
$ gh label create area/comparison -R g0udurix/LRN --color 1d76db --description Matrix/ranking engine
[rc=1]

label with name "area/comparison" already exists; use `--force` to update its color and description
$ gh label create area/annotations -R g0udurix/LRN --color 1d76db --description Notes, issues, orientations
[rc=1]

label with name "area/annotations" already exists; use `--force` to update its color and description
$ gh label create area/app -R g0udurix/LRN --color 1d76db --description API/UI
[rc=1]

label with name "area/app" already exists; use `--force` to update its color and description
$ gh label create jurisdiction/QC -R g0udurix/LRN --color 0e8a16 --description Québec
[rc=1]

label with name "jurisdiction/QC" already exists; use `--force` to update its color and description
$ gh label create jurisdiction/CA -R g0udurix/LRN --color 0e8a16 --description Canada (Fed)
[rc=1]

label with name "jurisdiction/CA" already exists; use `--force` to update its color and description
$ gh label create jurisdiction/US -R g0udurix/LRN --color 0e8a16 --description United States
[rc=1]

label with name "jurisdiction/US" already exists; use `--force` to update its color and description
$ gh label create jurisdiction/UK -R g0udurix/LRN --color 0e8a16 --description United Kingdom
[rc=1]

label with name "jurisdiction/UK" already exists; use `--force` to update its color and description
$ gh label create jurisdiction/FR -R g0udurix/LRN --color 0e8a16 --description France
[rc=1]

label with name "jurisdiction/FR" already exists; use `--force` to update its color and description
$ gh label create jurisdiction/DE -R g0udurix/LRN --color 0e8a16 --description Germany
[rc=1]

label with name "jurisdiction/DE" already exists; use `--force` to update its color and description
$ gh label create jurisdiction/JP -R g0udurix/LRN --color 0e8a16 --description Japan
[rc=1]

label with name "jurisdiction/JP" already exists; use `--force` to update its color and description
$ gh label create jurisdiction/AU -R g0udurix/LRN --color 0e8a16 --description Australia
[rc=1]

label with name "jurisdiction/AU" already exists; use `--force` to update its color and description
$ gh label create standard/CSA -R g0udurix/LRN --color 5319e7 --description CSA
[rc=1]

label with name "standard/CSA" already exists; use `--force` to update its color and description
$ gh label create standard/ANSI -R g0udurix/LRN --color 5319e7 --description ANSI
[rc=1]

label with name "standard/ANSI" already exists; use `--force` to update its color and description
$ gh label create standard/ISO -R g0udurix/LRN --color 5319e7 --description ISO
[rc=1]

label with name "standard/ISO" already exists; use `--force` to update its color and description
$ gh label create standard/EN -R g0udurix/LRN --color 5319e7 --description EN
[rc=1]

label with name "standard/EN" already exists; use `--force` to update its color and description
$ gh label create standard/BS -R g0udurix/LRN --color 5319e7 --description BSI
[rc=1]

label with name "standard/BS" already exists; use `--force` to update its color and description
$ gh label create standard/AS -R g0udurix/LRN --color 5319e7 --description AS/NZS
[rc=1]

label with name "standard/AS" already exists; use `--force` to update its color and description
$ gh label create standard/JIS -R g0udurix/LRN --color 5319e7 --description JIS
[rc=1]

label with name "standard/JIS" already exists; use `--force` to update its color and description
$ gh label create documentation -R g0udurix/LRN --color c5def5 --description Docs & READMEs
[rc=1]

label with name "documentation" already exists; use `--force` to update its color and description
$ gh label create needs-triage -R g0udurix/LRN --color ededed --description New items to triage
[rc=1]

label with name "needs-triage" already exists; use `--force` to update its color and description
$ gh label create status/Backlog -R g0udurix/LRN --color 8b949e --description Backlog
[rc=0]


$ gh label create status/Todo -R g0udurix/LRN --color 8b949e --description To-do
[rc=0]


$ gh label create status/Doing -R g0udurix/LRN --color 8b949e --description In progress
[rc=0]


$ gh label create status/Blocked -R g0udurix/LRN --color d93f0b --description Blocked
[rc=0]


$ gh label create status/Review -R g0udurix/LRN --color a371f7 --description In review
[rc=0]


$ gh label create status/Done -R g0udurix/LRN --color 0e8a16 --description Done
[rc=0]


$ /Users/jeremie/miniforge3/envs/legis/bin/python /Users/jeremie/Documents/@2025/scripts/Legislation/bundle_codebase.py
[rc=0]

Bundled 4479 files from /Users/jeremie/Documents/@2025/scripts/Legislation -> /Users/jeremie/Documents/@2025/scripts/Legislation/codebase.md
$ git add -A
[rc=0]


$ git diff --cached --quiet
[rc=1]


$ git commit -m chore: run upgrade_and_roadmap (at 2025-08-08 16:34:31Z UTC)
[rc=0]
[feat/history-crawl cd503aa] chore: run upgrade_and_roadmap (at 2025-08-08 16:34:31Z UTC)
 11 files changed, 814 insertions(+), 905 deletions(-)
 create mode 100644 .github/workflows/sync_labels.yml
 create mode 100644 logs/upgrade_20250808T163414Z.log
 create mode 100644 scripts/labels_sync.py

$ git push
[rc=0]

To https://github.com/g0udurix/LRN.git
   6e81742..cd503aa  feat/history-crawl -> feat/history-crawl
